{"/home/travis/build/npmtest/node-npmtest-homebridge-smartthings/test.js":{"path":"/home/travis/build/npmtest/node-npmtest-homebridge-smartthings/test.js","s":{"1":2,"2":2,"3":2,"4":2,"5":2,"6":2,"7":2,"8":1,"9":2,"10":2,"11":1,"12":1,"13":1,"14":1,"15":2,"16":2,"17":2,"18":2,"19":1,"20":1,"21":2,"22":2,"23":2,"24":1,"25":1,"26":1,"27":1,"28":1,"29":1,"30":1,"31":1,"32":1,"33":1,"34":1,"35":1,"36":1,"37":1,"38":1,"39":2,"40":2,"41":1,"42":2,"43":2,"44":1,"45":2,"46":2,"47":1,"48":2,"49":2,"50":1,"51":1,"52":1,"53":1,"54":1},"b":{"1":[2,1,1,1],"2":[1,1,1,1],"3":[1,1],"4":[1,1],"5":[1,1],"6":[1,1],"7":[1,1],"8":[1,1],"9":[1,1],"10":[1,1,1],"11":[1,1],"12":[1,1],"13":[1,1],"14":[1,1],"15":[1,1],"16":[1,1],"17":[1,1]},"f":{"1":2,"2":2,"3":2,"4":2,"5":2,"6":1,"7":1,"8":1,"9":2,"10":2,"11":2,"12":2,"13":1},"fnMap":{"1":{"name":"(anonymous_1)","line":12,"loc":{"start":{"line":12,"column":1},"end":{"line":12,"column":13}}},"2":{"name":"(anonymous_2)","line":19,"loc":{"start":{"line":19,"column":5},"end":{"line":19,"column":17}}},"3":{"name":"(anonymous_3)","line":23,"loc":{"start":{"line":23,"column":24},"end":{"line":23,"column":36}}},"4":{"name":"(anonymous_4)","line":61,"loc":{"start":{"line":61,"column":5},"end":{"line":61,"column":17}}},"5":{"name":"(anonymous_5)","line":82,"loc":{"start":{"line":82,"column":5},"end":{"line":82,"column":17}}},"6":{"name":"(anonymous_6)","line":91,"loc":{"start":{"line":91,"column":77},"end":{"line":94,"column":10}}},"7":{"name":"(anonymous_7)","line":112,"loc":{"start":{"line":112,"column":83},"end":{"line":115,"column":10}},"skip":true},"8":{"name":"(anonymous_8)","line":123,"loc":{"start":{"line":123,"column":77},"end":{"line":126,"column":10}},"skip":true},"9":{"name":"(anonymous_9)","line":139,"loc":{"start":{"line":139,"column":12},"end":{"line":139,"column":40}},"skip":true},"10":{"name":"(anonymous_10)","line":147,"loc":{"start":{"line":147,"column":77},"end":{"line":150,"column":10}},"skip":true},"11":{"name":"(anonymous_11)","line":158,"loc":{"start":{"line":158,"column":83},"end":{"line":161,"column":10}},"skip":true},"12":{"name":"(anonymous_12)","line":169,"loc":{"start":{"line":169,"column":79},"end":{"line":172,"column":10}},"skip":true},"13":{"name":"(anonymous_13)","line":180,"loc":{"start":{"line":180,"column":75},"end":{"line":183,"column":10}},"skip":true}},"statementMap":{"1":{"start":{"line":12,"column":0},"end":{"line":195,"column":5}},"2":{"start":{"line":14,"column":4},"end":{"line":14,"column":14}},"3":{"start":{"line":19,"column":4},"end":{"line":56,"column":9}},"4":{"start":{"line":21,"column":8},"end":{"line":21,"column":19}},"5":{"start":{"line":23,"column":8},"end":{"line":35,"column":13}},"6":{"start":{"line":24,"column":12},"end":{"line":34,"column":13}},"7":{"start":{"line":25,"column":16},"end":{"line":28,"column":30}},"8":{"start":{"line":30,"column":16},"end":{"line":33,"column":27}},"9":{"start":{"line":37,"column":8},"end":{"line":39,"column":21}},"10":{"start":{"line":40,"column":8},"end":{"line":53,"column":9}},"11":{"start":{"line":43,"column":12},"end":{"line":46,"column":14}},"12":{"start":{"line":47,"column":12},"end":{"line":47,"column":18}},"13":{"start":{"line":50,"column":12},"end":{"line":51,"column":33}},"14":{"start":{"line":52,"column":12},"end":{"line":52,"column":18}},"15":{"start":{"line":55,"column":8},"end":{"line":55,"column":35}},"16":{"start":{"line":61,"column":4},"end":{"line":63,"column":9}},"17":{"start":{"line":62,"column":8},"end":{"line":62,"column":15}},"18":{"start":{"line":64,"column":4},"end":{"line":77,"column":5}},"19":{"start":{"line":70,"column":8},"end":{"line":70,"column":14}},"20":{"start":{"line":76,"column":8},"end":{"line":76,"column":14}},"21":{"start":{"line":82,"column":4},"end":{"line":84,"column":9}},"22":{"start":{"line":83,"column":8},"end":{"line":83,"column":15}},"23":{"start":{"line":85,"column":4},"end":{"line":194,"column":5}},"24":{"start":{"line":91,"column":8},"end":{"line":99,"column":10}},"25":{"start":{"line":98,"column":12},"end":{"line":98,"column":35}},"26":{"start":{"line":102,"column":8},"end":{"line":104,"column":63}},"27":{"start":{"line":105,"column":8},"end":{"line":105,"column":14}},"28":{"start":{"line":112,"column":8},"end":{"line":121,"column":10},"skip":true},"29":{"start":{"line":119,"column":12},"end":{"line":119,"column":55},"skip":true},"30":{"start":{"line":120,"column":12},"end":{"line":120,"column":48},"skip":true},"31":{"start":{"line":123,"column":8},"end":{"line":136,"column":10},"skip":true},"32":{"start":{"line":130,"column":12},"end":{"line":130,"column":76},"skip":true},"33":{"start":{"line":131,"column":12},"end":{"line":131,"column":73},"skip":true},"34":{"start":{"line":132,"column":12},"end":{"line":132,"column":74},"skip":true},"35":{"start":{"line":133,"column":12},"end":{"line":133,"column":79},"skip":true},"36":{"start":{"line":134,"column":12},"end":{"line":134,"column":25},"skip":true},"37":{"start":{"line":135,"column":12},"end":{"line":135,"column":45},"skip":true},"38":{"start":{"line":138,"column":8},"end":{"line":145,"column":14},"skip":true},"39":{"start":{"line":143,"column":16},"end":{"line":143,"column":29},"skip":true},"40":{"start":{"line":144,"column":16},"end":{"line":144,"column":55},"skip":true},"41":{"start":{"line":147,"column":8},"end":{"line":156,"column":10},"skip":true},"42":{"start":{"line":154,"column":12},"end":{"line":154,"column":25},"skip":true},"43":{"start":{"line":155,"column":12},"end":{"line":155,"column":45},"skip":true},"44":{"start":{"line":158,"column":8},"end":{"line":167,"column":10},"skip":true},"45":{"start":{"line":165,"column":12},"end":{"line":165,"column":25},"skip":true},"46":{"start":{"line":166,"column":12},"end":{"line":166,"column":48},"skip":true},"47":{"start":{"line":169,"column":8},"end":{"line":178,"column":10},"skip":true},"48":{"start":{"line":176,"column":12},"end":{"line":176,"column":25},"skip":true},"49":{"start":{"line":177,"column":12},"end":{"line":177,"column":46},"skip":true},"50":{"start":{"line":180,"column":8},"end":{"line":189,"column":10},"skip":true},"51":{"start":{"line":187,"column":12},"end":{"line":187,"column":94},"skip":true},"52":{"start":{"line":188,"column":12},"end":{"line":188,"column":48},"skip":true},"53":{"start":{"line":192,"column":8},"end":{"line":192,"column":35},"skip":true},"54":{"start":{"line":193,"column":8},"end":{"line":193,"column":14},"skip":true}},"branchMap":{"1":{"line":25,"type":"binary-expr","locations":[{"start":{"line":25,"column":23},"end":{"line":25,"column":62}},{"start":{"line":26,"column":20},"end":{"line":26,"column":70}},{"start":{"line":27,"column":20},"end":{"line":27,"column":71}},{"start":{"line":28,"column":20},"end":{"line":28,"column":29}}]},"2":{"line":30,"type":"binary-expr","locations":[{"start":{"line":30,"column":23},"end":{"line":30,"column":37}},{"start":{"line":31,"column":20},"end":{"line":31,"column":61}},{"start":{"line":32,"column":20},"end":{"line":32,"column":70}},{"start":{"line":33,"column":20},"end":{"line":33,"column":26}}]},"3":{"line":37,"type":"cond-expr","locations":[{"start":{"line":38,"column":14},"end":{"line":38,"column":20}},{"start":{"line":39,"column":14},"end":{"line":39,"column":20}}]},"4":{"line":40,"type":"switch","locations":[{"start":{"line":42,"column":8},"end":{"line":47,"column":18}},{"start":{"line":49,"column":8},"end":{"line":52,"column":18}}]},"5":{"line":44,"type":"binary-expr","locations":[{"start":{"line":44,"column":16},"end":{"line":44,"column":44}},{"start":{"line":44,"column":48},"end":{"line":44,"column":66}}]},"6":{"line":50,"type":"binary-expr","locations":[{"start":{"line":50,"column":21},"end":{"line":50,"column":49}},{"start":{"line":50,"column":53},"end":{"line":50,"column":72}}]},"7":{"line":64,"type":"switch","locations":[{"start":{"line":69,"column":4},"end":{"line":70,"column":14}},{"start":{"line":75,"column":4},"end":{"line":76,"column":14}}]},"8":{"line":85,"type":"switch","locations":[{"start":{"line":90,"column":4},"end":{"line":105,"column":14}},{"start":{"line":111,"column":4},"end":{"line":193,"column":14},"skip":true}]},"9":{"line":91,"type":"binary-expr","locations":[{"start":{"line":91,"column":42},"end":{"line":91,"column":73}},{"start":{"line":91,"column":77},"end":{"line":99,"column":9}}]},"10":{"line":102,"type":"binary-expr","locations":[{"start":{"line":102,"column":18},"end":{"line":102,"column":32}},{"start":{"line":103,"column":12},"end":{"line":103,"column":53}},{"start":{"line":104,"column":12},"end":{"line":104,"column":61}}]},"11":{"line":112,"type":"binary-expr","locations":[{"start":{"line":112,"column":45},"end":{"line":112,"column":79},"skip":true},{"start":{"line":112,"column":83},"end":{"line":121,"column":9},"skip":true}]},"12":{"line":123,"type":"binary-expr","locations":[{"start":{"line":123,"column":42},"end":{"line":123,"column":73},"skip":true},{"start":{"line":123,"column":77},"end":{"line":136,"column":9},"skip":true}]},"13":{"line":138,"type":"binary-expr","locations":[{"start":{"line":138,"column":48},"end":{"line":138,"column":85},"skip":true},{"start":{"line":139,"column":12},"end":{"line":145,"column":13},"skip":true}]},"14":{"line":147,"type":"binary-expr","locations":[{"start":{"line":147,"column":42},"end":{"line":147,"column":73},"skip":true},{"start":{"line":147,"column":77},"end":{"line":156,"column":9},"skip":true}]},"15":{"line":158,"type":"binary-expr","locations":[{"start":{"line":158,"column":45},"end":{"line":158,"column":79},"skip":true},{"start":{"line":158,"column":83},"end":{"line":167,"column":9},"skip":true}]},"16":{"line":169,"type":"binary-expr","locations":[{"start":{"line":169,"column":43},"end":{"line":169,"column":75},"skip":true},{"start":{"line":169,"column":79},"end":{"line":178,"column":9},"skip":true}]},"17":{"line":180,"type":"binary-expr","locations":[{"start":{"line":180,"column":41},"end":{"line":180,"column":71},"skip":true},{"start":{"line":180,"column":75},"end":{"line":189,"column":9},"skip":true}]}},"code":["/* istanbul instrument in package npmtest_homebridge_smartthings */","/*jslint","    bitwise: true,","    browser: true,","    maxerr: 8,","    maxlen: 96,","    node: true,","    nomen: true,","    regexp: true,","    stupid: true","*/","(function () {","    'use strict';","    var local;","","","","    // run shared js-env code - pre-init","    (function () {","        // init local","        local = {};","        // init modeJs","        local.modeJs = (function () {","            try {","                return typeof navigator.userAgent === 'string' &&","                    typeof document.querySelector('body') === 'object' &&","                    typeof XMLHttpRequest.prototype.open === 'function' &&","                    'browser';","            } catch (errorCaughtBrowser) {","                return module.exports &&","                    typeof process.versions.node === 'string' &&","                    typeof require('http').createServer === 'function' &&","                    'node';","            }","        }());","        // init global","        local.global = local.modeJs === 'browser'","            ? window","            : global;","        switch (local.modeJs) {","        // re-init local from window.local","        case 'browser':","            local = local.global.utility2.objectSetDefault(","                local.global.utility2_rollup || local.global.local,","                local.global.utility2","            );","            break;","        // re-init local from example.js","        case 'node':","            local = (local.global.utility2_rollup || require('utility2'))","                .requireReadme();","            break;","        }","        // export local","        local.global.local = local;","    }());","","","","    // run shared js-env code - function","    (function () {","        return;","    }());","    switch (local.modeJs) {","","","","    // run browser js-env code - function","    case 'browser':","        break;","","","","    // run node js-env code - function","    case 'node':","        break;","    }","","","","    // run shared js-env code - post-init","    (function () {","        return;","    }());","    switch (local.modeJs) {","","","","    // run browser js-env code - post-init","    case 'browser':","        local.testCase_browser_nullCase = local.testCase_browser_nullCase || function (","            options,","            onError","        ) {","        /*","         * this function will test browsers's null-case handling-behavior-behavior","         */","            onError(null, options);","        };","","        // run tests","        local.nop(local.modeTest &&","            document.querySelector('#testRunButton1') &&","            document.querySelector('#testRunButton1').click());","        break;","","","","    // run node js-env code - post-init","    /* istanbul ignore next */","    case 'node':","        local.testCase_buildApidoc_default = local.testCase_buildApidoc_default || function (","            options,","            onError","        ) {","        /*","         * this function will test buildApidoc's default handling-behavior-behavior","         */","            options = { modulePathList: module.paths };","            local.buildApidoc(options, onError);","        };","","        local.testCase_buildApp_default = local.testCase_buildApp_default || function (","            options,","            onError","        ) {","        /*","         * this function will test buildApp's default handling-behavior-behavior","         */","            local.testCase_buildReadme_default(options, local.onErrorThrow);","            local.testCase_buildLib_default(options, local.onErrorThrow);","            local.testCase_buildTest_default(options, local.onErrorThrow);","            local.testCase_buildCustomOrg_default(options, local.onErrorThrow);","            options = [];","            local.buildApp(options, onError);","        };","","        local.testCase_buildCustomOrg_default = local.testCase_buildCustomOrg_default ||","            function (options, onError) {","            /*","             * this function will test buildCustomOrg's default handling-behavior","             */","                options = {};","                local.buildCustomOrg(options, onError);","            };","","        local.testCase_buildLib_default = local.testCase_buildLib_default || function (","            options,","            onError","        ) {","        /*","         * this function will test buildLib's default handling-behavior","         */","            options = {};","            local.buildLib(options, onError);","        };","","        local.testCase_buildReadme_default = local.testCase_buildReadme_default || function (","            options,","            onError","        ) {","        /*","         * this function will test buildReadme's default handling-behavior-behavior","         */","            options = {};","            local.buildReadme(options, onError);","        };","","        local.testCase_buildTest_default = local.testCase_buildTest_default || function (","            options,","            onError","        ) {","        /*","         * this function will test buildTest's default handling-behavior","         */","            options = {};","            local.buildTest(options, onError);","        };","","        local.testCase_webpage_default = local.testCase_webpage_default || function (","            options,","            onError","        ) {","        /*","         * this function will test webpage's default handling-behavior","         */","            options = { modeCoverageMerge: true, url: local.serverLocalHost + '?modeTest=1' };","            local.browserTest(options, onError);","        };","","        // run test-server","        local.testRunServer(local);","        break;","    }","}());",""],"l":{"12":2,"14":2,"19":2,"21":2,"23":2,"24":2,"25":2,"30":1,"37":2,"40":2,"43":1,"47":1,"50":1,"52":1,"55":2,"61":2,"62":2,"64":2,"70":1,"76":1,"82":2,"83":2,"85":2,"91":1,"98":1,"102":1,"105":1,"112":1,"119":1,"120":1,"123":1,"130":1,"131":1,"132":1,"133":1,"134":1,"135":1,"138":1,"143":2,"144":2,"147":1,"154":2,"155":2,"158":1,"165":2,"166":2,"169":1,"176":2,"177":2,"180":1,"187":1,"188":1,"192":1,"193":1}},"/home/travis/build/npmtest/node-npmtest-homebridge-smartthings/lib.npmtest_homebridge_smartthings.js":{"path":"/home/travis/build/npmtest/node-npmtest-homebridge-smartthings/lib.npmtest_homebridge_smartthings.js","s":{"1":2,"2":2,"3":2,"4":2,"5":2,"6":2,"7":2,"8":1,"9":2,"10":2,"11":2,"12":2,"13":1,"14":1,"15":1,"16":1},"b":{"1":[2,1,1,1],"2":[1,1,1,1],"3":[1,1],"4":[2,2],"5":[1,1]},"f":{"1":2,"2":2,"3":2},"fnMap":{"1":{"name":"(anonymous_1)","line":12,"loc":{"start":{"line":12,"column":1},"end":{"line":12,"column":13}}},"2":{"name":"(anonymous_2)","line":19,"loc":{"start":{"line":19,"column":5},"end":{"line":19,"column":17}}},"3":{"name":"(anonymous_3)","line":23,"loc":{"start":{"line":23,"column":24},"end":{"line":23,"column":36}}}},"statementMap":{"1":{"start":{"line":12,"column":0},"end":{"line":53,"column":5}},"2":{"start":{"line":14,"column":4},"end":{"line":14,"column":14}},"3":{"start":{"line":19,"column":4},"end":{"line":52,"column":9}},"4":{"start":{"line":21,"column":8},"end":{"line":21,"column":19}},"5":{"start":{"line":23,"column":8},"end":{"line":35,"column":13}},"6":{"start":{"line":24,"column":12},"end":{"line":34,"column":13}},"7":{"start":{"line":25,"column":16},"end":{"line":28,"column":30}},"8":{"start":{"line":30,"column":16},"end":{"line":33,"column":27}},"9":{"start":{"line":37,"column":8},"end":{"line":39,"column":21}},"10":{"start":{"line":41,"column":8},"end":{"line":41,"column":54}},"11":{"start":{"line":43,"column":8},"end":{"line":43,"column":67}},"12":{"start":{"line":45,"column":8},"end":{"line":51,"column":9}},"13":{"start":{"line":46,"column":12},"end":{"line":46,"column":73}},"14":{"start":{"line":48,"column":12},"end":{"line":48,"column":35}},"15":{"start":{"line":49,"column":12},"end":{"line":49,"column":49}},"16":{"start":{"line":50,"column":12},"end":{"line":50,"column":43}}},"branchMap":{"1":{"line":25,"type":"binary-expr","locations":[{"start":{"line":25,"column":23},"end":{"line":25,"column":62}},{"start":{"line":26,"column":20},"end":{"line":26,"column":70}},{"start":{"line":27,"column":20},"end":{"line":27,"column":71}},{"start":{"line":28,"column":20},"end":{"line":28,"column":29}}]},"2":{"line":30,"type":"binary-expr","locations":[{"start":{"line":30,"column":23},"end":{"line":30,"column":37}},{"start":{"line":31,"column":20},"end":{"line":31,"column":61}},{"start":{"line":32,"column":20},"end":{"line":32,"column":70}},{"start":{"line":33,"column":20},"end":{"line":33,"column":26}}]},"3":{"line":37,"type":"cond-expr","locations":[{"start":{"line":38,"column":14},"end":{"line":38,"column":20}},{"start":{"line":39,"column":14},"end":{"line":39,"column":20}}]},"4":{"line":41,"type":"binary-expr","locations":[{"start":{"line":41,"column":16},"end":{"line":41,"column":44}},{"start":{"line":41,"column":48},"end":{"line":41,"column":53}}]},"5":{"line":45,"type":"if","locations":[{"start":{"line":45,"column":8},"end":{"line":45,"column":8}},{"start":{"line":45,"column":8},"end":{"line":45,"column":8}}]}},"code":["/* istanbul instrument in package npmtest_homebridge_smartthings */","/*jslint","    bitwise: true,","    browser: true,","    maxerr: 8,","    maxlen: 96,","    node: true,","    nomen: true,","    regexp: true,","    stupid: true","*/","(function () {","    'use strict';","    var local;","","","","    // run shared js-env code - pre-init","    (function () {","        // init local","        local = {};","        // init modeJs","        local.modeJs = (function () {","            try {","                return typeof navigator.userAgent === 'string' &&","                    typeof document.querySelector('body') === 'object' &&","                    typeof XMLHttpRequest.prototype.open === 'function' &&","                    'browser';","            } catch (errorCaughtBrowser) {","                return module.exports &&","                    typeof process.versions.node === 'string' &&","                    typeof require('http').createServer === 'function' &&","                    'node';","            }","        }());","        // init global","        local.global = local.modeJs === 'browser'","            ? window","            : global;","        // init utility2_rollup","        local = local.global.utility2_rollup || local;","        // init lib","        local.local = local.npmtest_homebridge_smartthings = local;","        // init exports","        if (local.modeJs === 'browser') {","            local.global.utility2_npmtest_homebridge_smartthings = local;","        } else {","            module.exports = local;","            module.exports.__dirname = __dirname;","            module.exports.module = module;","        }","    }());","}());",""],"l":{"12":2,"14":2,"19":2,"21":2,"23":2,"24":2,"25":2,"30":1,"37":2,"41":2,"43":2,"45":2,"46":1,"48":1,"49":1,"50":1}},"/home/travis/build/npmtest/node-npmtest-homebridge-smartthings/example.js":{"path":"/home/travis/build/npmtest/node-npmtest-homebridge-smartthings/example.js","s":{"1":2,"2":2,"3":2,"4":2,"5":2,"6":2,"7":2,"8":1,"9":2,"10":2,"11":2,"12":2,"13":1,"14":2,"15":2,"16":2,"17":2,"18":2,"19":0,"20":2,"21":1,"22":1,"23":1,"24":1,"25":1,"26":0,"27":0,"28":1,"29":1,"30":2,"31":0,"32":0,"33":0,"34":1,"35":2,"36":2,"37":3,"38":3,"39":3,"40":3,"41":0,"42":3,"43":3,"44":3,"45":1,"46":3,"47":1,"48":1,"49":1,"50":1,"51":1,"52":1,"53":1,"54":1,"55":1,"56":1,"57":0,"58":1,"59":6,"60":6,"61":1,"62":2,"63":0,"64":2,"65":1,"66":1,"67":0,"68":0,"69":0,"70":0,"71":0,"72":0,"73":0,"74":0,"75":0,"76":0,"77":0,"78":0,"79":0,"80":0,"81":0,"82":0,"83":0},"b":{"1":[2,1,1,1],"2":[1,1,1,1],"3":[1,1],"4":[2,2],"5":[1,1],"6":[1,1],"7":[2,0],"8":[2,1,1,1,1,1],"9":[0,2,0],"10":[1,1],"11":[2,1,1],"12":[1,0],"13":[0,2],"14":[2,0,0,0,0,0,0],"15":[0,3],"16":[3,0],"17":[1,1],"18":[0,1],"19":[1,2,0,2],"20":[1,0],"21":[1,1],"22":[0,0],"23":[0,0],"24":[0,0],"25":[0,0],"26":[0,0],"27":[0,0],"28":[0,0]},"f":{"1":2,"2":2,"3":2,"4":2,"5":2,"6":2,"7":3,"8":3,"9":3,"10":1,"11":6,"12":0},"fnMap":{"1":{"name":"(anonymous_1)","line":26,"loc":{"start":{"line":26,"column":1},"end":{"line":26,"column":13}}},"2":{"name":"(anonymous_2)","line":33,"loc":{"start":{"line":33,"column":5},"end":{"line":33,"column":17}}},"3":{"name":"(anonymous_3)","line":37,"loc":{"start":{"line":37,"column":24},"end":{"line":37,"column":36}}},"4":{"name":"(anonymous_4)","line":69,"loc":{"start":{"line":69,"column":31},"end":{"line":69,"column":48}},"skip":true},"5":{"name":"(anonymous_5)","line":78,"loc":{"start":{"line":78,"column":26},"end":{"line":78,"column":45}},"skip":true},"6":{"name":"(anonymous_6)","line":123,"loc":{"start":{"line":123,"column":33},"end":{"line":123,"column":48}},"skip":true},"7":{"name":"(anonymous_7)","line":125,"loc":{"start":{"line":125,"column":27},"end":{"line":125,"column":39}},"skip":true},"8":{"name":"(anonymous_8)","line":133,"loc":{"start":{"line":133,"column":59},"end":{"line":133,"column":74}},"skip":true},"9":{"name":"(anonymous_9)","line":143,"loc":{"start":{"line":143,"column":45},"end":{"line":143,"column":62}},"skip":true},"10":{"name":"(anonymous_10)","line":144,"loc":{"start":{"line":144,"column":73},"end":{"line":144,"column":92}},"skip":true},"11":{"name":"(anonymous_11)","line":272,"loc":{"start":{"line":272,"column":51},"end":{"line":272,"column":77}},"skip":true},"12":{"name":"(anonymous_12)","line":315,"loc":{"start":{"line":315,"column":32},"end":{"line":315,"column":61}},"skip":true}},"statementMap":{"1":{"start":{"line":26,"column":0},"end":{"line":326,"column":5}},"2":{"start":{"line":28,"column":4},"end":{"line":28,"column":14}},"3":{"start":{"line":33,"column":4},"end":{"line":60,"column":9}},"4":{"start":{"line":35,"column":8},"end":{"line":35,"column":19}},"5":{"start":{"line":37,"column":8},"end":{"line":49,"column":13}},"6":{"start":{"line":38,"column":12},"end":{"line":48,"column":13}},"7":{"start":{"line":39,"column":16},"end":{"line":42,"column":30}},"8":{"start":{"line":44,"column":16},"end":{"line":47,"column":27}},"9":{"start":{"line":51,"column":8},"end":{"line":53,"column":21}},"10":{"start":{"line":55,"column":8},"end":{"line":57,"column":45}},"11":{"start":{"line":59,"column":8},"end":{"line":59,"column":35}},"12":{"start":{"line":61,"column":4},"end":{"line":325,"column":5}},"13":{"start":{"line":69,"column":8},"end":{"line":121,"column":10},"skip":true},"14":{"start":{"line":70,"column":12},"end":{"line":88,"column":13},"skip":true},"15":{"start":{"line":76,"column":16},"end":{"line":87,"column":19},"skip":true},"16":{"start":{"line":79,"column":20},"end":{"line":86,"column":21},"skip":true},"17":{"start":{"line":82,"column":24},"end":{"line":82,"column":43},"skip":true},"18":{"start":{"line":83,"column":24},"end":{"line":83,"column":30},"skip":true},"19":{"start":{"line":85,"column":24},"end":{"line":85,"column":49},"skip":true},"20":{"start":{"line":89,"column":12},"end":{"line":107,"column":13},"skip":true},"21":{"start":{"line":92,"column":16},"end":{"line":102,"column":17},"skip":true},"22":{"start":{"line":93,"column":20},"end":{"line":93,"column":86},"skip":true},"23":{"start":{"line":94,"column":20},"end":{"line":95,"column":45},"skip":true},"24":{"start":{"line":96,"column":20},"end":{"line":96,"column":42},"skip":true},"25":{"start":{"line":97,"column":20},"end":{"line":97,"column":48},"skip":true},"26":{"start":{"line":100,"column":20},"end":{"line":100,"column":85},"skip":true},"27":{"start":{"line":101,"column":20},"end":{"line":101,"column":96},"skip":true},"28":{"start":{"line":103,"column":16},"end":{"line":103,"column":22},"skip":true},"29":{"start":{"line":106,"column":16},"end":{"line":106,"column":22},"skip":true},"30":{"start":{"line":108,"column":12},"end":{"line":120,"column":13},"skip":true},"31":{"start":{"line":114,"column":16},"end":{"line":119,"column":17},"skip":true},"32":{"start":{"line":116,"column":20},"end":{"line":116,"column":78},"skip":true},"33":{"start":{"line":118,"column":20},"end":{"line":118,"column":47},"skip":true},"34":{"start":{"line":123,"column":8},"end":{"line":141,"column":11},"skip":true},"35":{"start":{"line":124,"column":12},"end":{"line":124,"column":54},"skip":true},"36":{"start":{"line":125,"column":12},"end":{"line":140,"column":14},"skip":true},"37":{"start":{"line":126,"column":16},"end":{"line":126,"column":28},"skip":true},"38":{"start":{"line":127,"column":16},"end":{"line":127,"column":69},"skip":true},"39":{"start":{"line":128,"column":16},"end":{"line":128,"column":75},"skip":true},"40":{"start":{"line":129,"column":16},"end":{"line":131,"column":17},"skip":true},"41":{"start":{"line":130,"column":20},"end":{"line":130,"column":27},"skip":true},"42":{"start":{"line":133,"column":16},"end":{"line":137,"column":36},"skip":true},"43":{"start":{"line":134,"column":20},"end":{"line":136,"column":55},"skip":true},"44":{"start":{"line":139,"column":16},"end":{"line":139,"column":57},"skip":true},"45":{"start":{"line":143,"column":8},"end":{"line":147,"column":11},"skip":true},"46":{"start":{"line":144,"column":12},"end":{"line":146,"column":15},"skip":true},"47":{"start":{"line":145,"column":16},"end":{"line":145,"column":70},"skip":true},"48":{"start":{"line":149,"column":8},"end":{"line":149,"column":31},"skip":true},"49":{"start":{"line":150,"column":8},"end":{"line":150,"column":14},"skip":true},"50":{"start":{"line":158,"column":8},"end":{"line":158,"column":31},"skip":true},"51":{"start":{"line":160,"column":8},"end":{"line":160,"column":33},"skip":true},"52":{"start":{"line":161,"column":8},"end":{"line":161,"column":37},"skip":true},"53":{"start":{"line":162,"column":8},"end":{"line":162,"column":35},"skip":true},"54":{"start":{"line":164,"column":8},"end":{"line":164,"column":50},"skip":true},"55":{"start":{"line":166,"column":8},"end":{"line":256,"column":2},"skip":true},"56":{"start":{"line":258,"column":8},"end":{"line":286,"column":9},"skip":true},"57":{"start":{"line":259,"column":12},"end":{"line":269,"column":14},"skip":true},"58":{"start":{"line":271,"column":12},"end":{"line":285,"column":19},"skip":true},"59":{"start":{"line":274,"column":20},"end":{"line":274,"column":35},"skip":true},"60":{"start":{"line":275,"column":20},"end":{"line":284,"column":21},"skip":true},"61":{"start":{"line":277,"column":24},"end":{"line":277,"column":64},"skip":true},"62":{"start":{"line":279,"column":24},"end":{"line":279,"column":40},"skip":true},"63":{"start":{"line":281,"column":24},"end":{"line":281,"column":40},"skip":true},"64":{"start":{"line":283,"column":24},"end":{"line":283,"column":39},"skip":true},"65":{"start":{"line":288,"column":8},"end":{"line":290,"column":9},"skip":true},"66":{"start":{"line":289,"column":12},"end":{"line":289,"column":18},"skip":true},"67":{"start":{"line":291,"column":8},"end":{"line":293,"column":54},"skip":true},"68":{"start":{"line":296,"column":8},"end":{"line":301,"column":37},"skip":true},"69":{"start":{"line":303,"column":8},"end":{"line":303,"column":82},"skip":true},"70":{"start":{"line":306,"column":8},"end":{"line":308,"column":9},"skip":true},"71":{"start":{"line":307,"column":12},"end":{"line":307,"column":82},"skip":true},"72":{"start":{"line":310,"column":8},"end":{"line":312,"column":9},"skip":true},"73":{"start":{"line":311,"column":12},"end":{"line":311,"column":18},"skip":true},"74":{"start":{"line":313,"column":8},"end":{"line":313,"column":54},"skip":true},"75":{"start":{"line":314,"column":8},"end":{"line":314,"column":69},"skip":true},"76":{"start":{"line":315,"column":8},"end":{"line":323,"column":36},"skip":true},"77":{"start":{"line":316,"column":12},"end":{"line":316,"column":61},"skip":true},"78":{"start":{"line":317,"column":12},"end":{"line":320,"column":13},"skip":true},"79":{"start":{"line":318,"column":16},"end":{"line":318,"column":75},"skip":true},"80":{"start":{"line":319,"column":16},"end":{"line":319,"column":23},"skip":true},"81":{"start":{"line":321,"column":12},"end":{"line":321,"column":38},"skip":true},"82":{"start":{"line":322,"column":12},"end":{"line":322,"column":27},"skip":true},"83":{"start":{"line":324,"column":8},"end":{"line":324,"column":14},"skip":true}},"branchMap":{"1":{"line":39,"type":"binary-expr","locations":[{"start":{"line":39,"column":23},"end":{"line":39,"column":62}},{"start":{"line":40,"column":20},"end":{"line":40,"column":70}},{"start":{"line":41,"column":20},"end":{"line":41,"column":71}},{"start":{"line":42,"column":20},"end":{"line":42,"column":29}}]},"2":{"line":44,"type":"binary-expr","locations":[{"start":{"line":44,"column":23},"end":{"line":44,"column":37}},{"start":{"line":45,"column":20},"end":{"line":45,"column":61}},{"start":{"line":46,"column":20},"end":{"line":46,"column":70}},{"start":{"line":47,"column":20},"end":{"line":47,"column":26}}]},"3":{"line":51,"type":"cond-expr","locations":[{"start":{"line":52,"column":14},"end":{"line":52,"column":20}},{"start":{"line":53,"column":14},"end":{"line":53,"column":20}}]},"4":{"line":55,"type":"binary-expr","locations":[{"start":{"line":55,"column":16},"end":{"line":55,"column":44}},{"start":{"line":55,"column":49},"end":{"line":57,"column":43}}]},"5":{"line":55,"type":"cond-expr","locations":[{"start":{"line":56,"column":14},"end":{"line":56,"column":66}},{"start":{"line":57,"column":14},"end":{"line":57,"column":43}}]},"6":{"line":61,"type":"switch","locations":[{"start":{"line":68,"column":4},"end":{"line":150,"column":14},"skip":true},{"start":{"line":156,"column":4},"end":{"line":324,"column":14},"skip":true}]},"7":{"line":70,"type":"if","locations":[{"start":{"line":70,"column":12},"end":{"line":70,"column":12},"skip":true},{"start":{"line":70,"column":12},"end":{"line":70,"column":12},"skip":true}]},"8":{"line":70,"type":"binary-expr","locations":[{"start":{"line":70,"column":16},"end":{"line":70,"column":22},"skip":true},{"start":{"line":70,"column":27},"end":{"line":70,"column":32},"skip":true},{"start":{"line":71,"column":20},"end":{"line":71,"column":39},"skip":true},{"start":{"line":72,"column":20},"end":{"line":72,"column":49},"skip":true},{"start":{"line":73,"column":20},"end":{"line":73,"column":58},"skip":true},{"start":{"line":74,"column":20},"end":{"line":74,"column":69},"skip":true}]},"9":{"line":79,"type":"switch","locations":[{"start":{"line":80,"column":20},"end":{"line":80,"column":33},"skip":true},{"start":{"line":81,"column":20},"end":{"line":83,"column":30},"skip":true},{"start":{"line":84,"column":20},"end":{"line":85,"column":49},"skip":true}]},"10":{"line":89,"type":"switch","locations":[{"start":{"line":90,"column":12},"end":{"line":103,"column":22},"skip":true},{"start":{"line":105,"column":12},"end":{"line":106,"column":22},"skip":true}]},"11":{"line":89,"type":"binary-expr","locations":[{"start":{"line":89,"column":20},"end":{"line":89,"column":25},"skip":true},{"start":{"line":89,"column":29},"end":{"line":89,"column":48},"skip":true},{"start":{"line":89,"column":52},"end":{"line":89,"column":74},"skip":true}]},"12":{"line":92,"type":"if","locations":[{"start":{"line":92,"column":16},"end":{"line":92,"column":16},"skip":true},{"start":{"line":92,"column":16},"end":{"line":92,"column":16},"skip":true}]},"13":{"line":108,"type":"if","locations":[{"start":{"line":108,"column":12},"end":{"line":108,"column":12},"skip":true},{"start":{"line":108,"column":12},"end":{"line":108,"column":12},"skip":true}]},"14":{"line":108,"type":"binary-expr","locations":[{"start":{"line":108,"column":16},"end":{"line":108,"column":61},"skip":true},{"start":{"line":108,"column":66},"end":{"line":108,"column":72},"skip":true},{"start":{"line":108,"column":77},"end":{"line":108,"column":82},"skip":true},{"start":{"line":109,"column":20},"end":{"line":109,"column":39},"skip":true},{"start":{"line":110,"column":20},"end":{"line":110,"column":49},"skip":true},{"start":{"line":111,"column":20},"end":{"line":111,"column":58},"skip":true},{"start":{"line":112,"column":20},"end":{"line":112,"column":68},"skip":true}]},"15":{"line":129,"type":"if","locations":[{"start":{"line":129,"column":16},"end":{"line":129,"column":16},"skip":true},{"start":{"line":129,"column":16},"end":{"line":129,"column":16},"skip":true}]},"16":{"line":134,"type":"cond-expr","locations":[{"start":{"line":135,"column":26},"end":{"line":135,"column":29},"skip":true},{"start":{"line":136,"column":26},"end":{"line":136,"column":54},"skip":true}]},"17":{"line":164,"type":"binary-expr","locations":[{"start":{"line":164,"column":27},"end":{"line":164,"column":43},"skip":true},{"start":{"line":164,"column":47},"end":{"line":164,"column":49},"skip":true}]},"18":{"line":258,"type":"if","locations":[{"start":{"line":258,"column":8},"end":{"line":258,"column":8},"skip":true},{"start":{"line":258,"column":8},"end":{"line":258,"column":8},"skip":true}]},"19":{"line":275,"type":"switch","locations":[{"start":{"line":276,"column":20},"end":{"line":277,"column":64},"skip":true},{"start":{"line":278,"column":20},"end":{"line":279,"column":40},"skip":true},{"start":{"line":280,"column":20},"end":{"line":281,"column":40},"skip":true},{"start":{"line":282,"column":20},"end":{"line":283,"column":39},"skip":true}]},"20":{"line":288,"type":"if","locations":[{"start":{"line":288,"column":8},"end":{"line":288,"column":8},"skip":true},{"start":{"line":288,"column":8},"end":{"line":288,"column":8},"skip":true}]},"21":{"line":288,"type":"binary-expr","locations":[{"start":{"line":288,"column":12},"end":{"line":288,"column":40},"skip":true},{"start":{"line":288,"column":44},"end":{"line":288,"column":67},"skip":true}]},"22":{"line":292,"type":"binary-expr","locations":[{"start":{"line":292,"column":12},"end":{"line":292,"column":50},"skip":true},{"start":{"line":293,"column":12},"end":{"line":293,"column":53},"skip":true}]},"23":{"line":297,"type":"binary-expr","locations":[{"start":{"line":297,"column":12},"end":{"line":297,"column":80},"skip":true},{"start":{"line":298,"column":12},"end":{"line":301,"column":36},"skip":true}]},"24":{"line":303,"type":"binary-expr","locations":[{"start":{"line":303,"column":43},"end":{"line":303,"column":75},"skip":true},{"start":{"line":303,"column":79},"end":{"line":303,"column":81},"skip":true}]},"25":{"line":306,"type":"if","locations":[{"start":{"line":306,"column":8},"end":{"line":306,"column":8},"skip":true},{"start":{"line":306,"column":8},"end":{"line":306,"column":8},"skip":true}]},"26":{"line":310,"type":"if","locations":[{"start":{"line":310,"column":8},"end":{"line":310,"column":8},"skip":true},{"start":{"line":310,"column":8},"end":{"line":310,"column":8},"skip":true}]},"27":{"line":313,"type":"binary-expr","locations":[{"start":{"line":313,"column":27},"end":{"line":313,"column":43},"skip":true},{"start":{"line":313,"column":47},"end":{"line":313,"column":53},"skip":true}]},"28":{"line":317,"type":"if","locations":[{"start":{"line":317,"column":12},"end":{"line":317,"column":12},"skip":true},{"start":{"line":317,"column":12},"end":{"line":317,"column":12},"skip":true}]}},"code":["/*","example.js","","quickstart example","","instruction","    1. save this script as example.js","    2. run the shell command:","        $ npm install npmtest-homebridge-smartthings && PORT=8081 node example.js","    3. play with the browser-demo on http://127.0.0.1:8081","*/","","","","/* istanbul instrument in package npmtest_homebridge_smartthings */","/*jslint","    bitwise: true,","    browser: true,","    maxerr: 8,","    maxlen: 96,","    node: true,","    nomen: true,","    regexp: true,","    stupid: true","*/","(function () {","    'use strict';","    var local;","","","","    // run shared js-env code - pre-init","    (function () {","        // init local","        local = {};","        // init modeJs","        local.modeJs = (function () {","            try {","                return typeof navigator.userAgent === 'string' &&","                    typeof document.querySelector('body') === 'object' &&","                    typeof XMLHttpRequest.prototype.open === 'function' &&","                    'browser';","            } catch (errorCaughtBrowser) {","                return module.exports &&","                    typeof process.versions.node === 'string' &&","                    typeof require('http').createServer === 'function' &&","                    'node';","            }","        }());","        // init global","        local.global = local.modeJs === 'browser'","            ? window","            : global;","        // init utility2_rollup","        local = local.global.utility2_rollup || (local.modeJs === 'browser'","            ? local.global.utility2_npmtest_homebridge_smartthings","            : global.utility2_moduleExports);","        // export local","        local.global.local = local;","    }());","    switch (local.modeJs) {","","","","    // post-init","    // run browser js-env code - post-init","    /* istanbul ignore next */","    case 'browser':","        local.testRunBrowser = function (event) {","            if (!event || (event &&","                    event.currentTarget &&","                    event.currentTarget.className &&","                    event.currentTarget.className.includes &&","                    event.currentTarget.className.includes('onreset'))) {","                // reset output","                Array.from(","                    document.querySelectorAll('body > .resettable')","                ).forEach(function (element) {","                    switch (element.tagName) {","                    case 'INPUT':","                    case 'TEXTAREA':","                        element.value = '';","                        break;","                    default:","                        element.textContent = '';","                    }","                });","            }","            switch (event && event.currentTarget && event.currentTarget.id) {","            case 'testRunButton1':","                // show tests","                if (document.querySelector('#testReportDiv1').style.display === 'none') {","                    document.querySelector('#testReportDiv1').style.display = 'block';","                    document.querySelector('#testRunButton1').textContent =","                        'hide internal test';","                    local.modeTest = true;","                    local.testRunDefault(local);","                // hide tests","                } else {","                    document.querySelector('#testReportDiv1').style.display = 'none';","                    document.querySelector('#testRunButton1').textContent = 'run internal test';","                }","                break;","            // custom-case","            default:","                break;","            }","            if (document.querySelector('#inputTextareaEval1') && (!event || (event &&","                    event.currentTarget &&","                    event.currentTarget.className &&","                    event.currentTarget.className.includes &&","                    event.currentTarget.className.includes('oneval')))) {","                // try to eval input-code","                try {","                    /*jslint evil: true*/","                    eval(document.querySelector('#inputTextareaEval1').value);","                } catch (errorCaught) {","                    console.error(errorCaught);","                }","            }","        };","        // log stderr and stdout to #outputTextareaStdout1","        ['error', 'log'].forEach(function (key) {","            console[key + '_original'] = console[key];","            console[key] = function () {","                var element;","                console[key + '_original'].apply(console, arguments);","                element = document.querySelector('#outputTextareaStdout1');","                if (!element) {","                    return;","                }","                // append text to #outputTextareaStdout1","                element.value += Array.from(arguments).map(function (arg) {","                    return typeof arg === 'string'","                        ? arg","                        : JSON.stringify(arg, null, 4);","                }).join(' ') + '\\n';","                // scroll textarea to bottom","                element.scrollTop = element.scrollHeight;","            };","        });","        // init event-handling","        ['change', 'click', 'keyup'].forEach(function (event) {","            Array.from(document.querySelectorAll('.on' + event)).forEach(function (element) {","                element.addEventListener(event, local.testRunBrowser);","            });","        });","        // run tests","        local.testRunBrowser();","        break;","","","","    // run node js-env code - post-init","    /* istanbul ignore next */","    case 'node':","        // export local","        module.exports = local;","        // require modules","        local.fs = require('fs');","        local.http = require('http');","        local.url = require('url');","        // init assets","        local.assetsDict = local.assetsDict || {};","        /* jslint-ignore-begin */","        local.assetsDict['/assets.index.template.html'] = '\\","<!doctype html>\\n\\","<html lang=\"en\">\\n\\","<head>\\n\\","<meta charset=\"UTF-8\">\\n\\","<meta name=\"viewport\" content=\"width=device-width, initial-scale=1\">\\n\\","<title>{{env.npm_package_name}} (v{{env.npm_package_version}})</title>\\n\\","<style>\\n\\","/*csslint\\n\\","    box-sizing: false,\\n\\","    universal-selector: false\\n\\","*/\\n\\","* {\\n\\","    box-sizing: border-box;\\n\\","}\\n\\","body {\\n\\","    background: #dde;\\n\\","    font-family: Arial, Helvetica, sans-serif;\\n\\","    margin: 2rem;\\n\\","}\\n\\","body > * {\\n\\","    margin-bottom: 1rem;\\n\\","}\\n\\",".utility2FooterDiv {\\n\\","    margin-top: 20px;\\n\\","    text-align: center;\\n\\","}\\n\\","</style>\\n\\","<style>\\n\\","/*csslint\\n\\","*/\\n\\","textarea {\\n\\","    font-family: monospace;\\n\\","    height: 10rem;\\n\\","    width: 100%;\\n\\","}\\n\\","textarea[readonly] {\\n\\","    background: #ddd;\\n\\","}\\n\\","</style>\\n\\","</head>\\n\\","<body>\\n\\","<!-- utility2-comment\\n\\","<div id=\"ajaxProgressDiv1\" style=\"background: #d00; height: 2px; left: 0; margin: 0; padding: 0; position: fixed; top: 0; transition: background 0.5s, width 1.5s; width: 25%;\"></div>\\n\\","utility2-comment -->\\n\\","<h1>\\n\\","<!-- utility2-comment\\n\\","    <a\\n\\","        {{#if env.npm_package_homepage}}\\n\\","        href=\"{{env.npm_package_homepage}}\"\\n\\","        {{/if env.npm_package_homepage}}\\n\\","        target=\"_blank\"\\n\\","    >\\n\\","utility2-comment -->\\n\\","        {{env.npm_package_name}} (v{{env.npm_package_version}})\\n\\","<!-- utility2-comment\\n\\","    </a>\\n\\","utility2-comment -->\\n\\","</h1>\\n\\","<h3>{{env.npm_package_description}}</h3>\\n\\","<!-- utility2-comment\\n\\","<h4><a download href=\"assets.app.js\">download standalone app</a></h4>\\n\\","<button class=\"onclick onreset\" id=\"testRunButton1\">run internal test</button><br>\\n\\","<div id=\"testReportDiv1\" style=\"display: none;\"></div>\\n\\","utility2-comment -->\\n\\","\\n\\","\\n\\","\\n\\","<label>stderr and stdout</label>\\n\\","<textarea class=\"resettable\" id=\"outputTextareaStdout1\" readonly></textarea>\\n\\","<!-- utility2-comment\\n\\","{{#if isRollup}}\\n\\","<script src=\"assets.app.js\"></script>\\n\\","{{#unless isRollup}}\\n\\","utility2-comment -->\\n\\","<script src=\"assets.utility2.rollup.js\"></script>\\n\\","<script src=\"jsonp.utility2._stateInit?callback=window.utility2._stateInit\"></script>\\n\\","<script src=\"assets.npmtest_homebridge_smartthings.rollup.js\"></script>\\n\\","<script src=\"assets.example.js\"></script>\\n\\","<script src=\"assets.test.js\"></script>\\n\\","<!-- utility2-comment\\n\\","{{/if isRollup}}\\n\\","utility2-comment -->\\n\\","<div class=\"utility2FooterDiv\">\\n\\","    [ this app was created with\\n\\","    <a href=\"https://github.com/kaizhu256/node-utility2\" target=\"_blank\">utility2</a>\\n\\","    ]\\n\\","</div>\\n\\","</body>\\n\\","</html>\\n\\","';","        /* jslint-ignore-end */","        if (local.templateRender) {","            local.assetsDict['/'] = local.templateRender(","                local.assetsDict['/assets.index.template.html'],","                {","                    env: local.objectSetDefault(local.env, {","                        npm_package_description: 'the greatest app in the world!',","                        npm_package_name: 'my-app',","                        npm_package_nameAlias: 'my_app',","                        npm_package_version: '0.0.1'","                    })","                }","            );","        } else {","            local.assetsDict['/'] = local.assetsDict['/assets.index.template.html']","                .replace((/\\{\\{env\\.(\\w+?)\\}\\}/g), function (match0, match1) {","                    // jslint-hack","                    String(match0);","                    switch (match1) {","                    case 'npm_package_description':","                        return 'the greatest app in the world!';","                    case 'npm_package_name':","                        return 'my-app';","                    case 'npm_package_nameAlias':","                        return 'my_app';","                    case 'npm_package_version':","                        return '0.0.1';","                    }","                });","        }","        // run the cli","        if (local.global.utility2_rollup || module !== require.main) {","            break;","        }","        local.assetsDict['/assets.example.js'] =","            local.assetsDict['/assets.example.js'] ||","            local.fs.readFileSync(__filename, 'utf8');","        // bug-workaround - long $npm_package_buildCustomOrg","        /* jslint-ignore-begin */","        local.assetsDict['/assets.npmtest_homebridge_smartthings.rollup.js'] =","            local.assetsDict['/assets.npmtest_homebridge_smartthings.rollup.js'] ||","            local.fs.readFileSync(","                local.npmtest_homebridge_smartthings.__dirname + '/lib.npmtest_homebridge_smartthings.js',","                'utf8'","            ).replace((/^#!/), '//');","        /* jslint-ignore-end */","        local.assetsDict['/favicon.ico'] = local.assetsDict['/favicon.ico'] || '';","        // if $npm_config_timeout_exit exists,","        // then exit this process after $npm_config_timeout_exit ms","        if (Number(process.env.npm_config_timeout_exit)) {","            setTimeout(process.exit, Number(process.env.npm_config_timeout_exit));","        }","        // start server","        if (local.global.utility2_serverHttp1) {","            break;","        }","        process.env.PORT = process.env.PORT || '8081';","        console.error('server starting on port ' + process.env.PORT);","        local.http.createServer(function (request, response) {","            request.urlParsed = local.url.parse(request.url);","            if (local.assetsDict[request.urlParsed.pathname] !== undefined) {","                response.end(local.assetsDict[request.urlParsed.pathname]);","                return;","            }","            response.statusCode = 404;","            response.end();","        }).listen(process.env.PORT);","        break;","    }","}());",""],"l":{"26":2,"28":2,"33":2,"35":2,"37":2,"38":2,"39":2,"44":1,"51":2,"55":2,"59":2,"61":2,"69":1,"70":2,"76":2,"79":2,"82":2,"83":2,"85":1,"89":2,"92":1,"93":1,"94":1,"96":1,"97":1,"100":1,"101":1,"103":1,"106":1,"108":2,"114":1,"116":1,"118":1,"123":1,"124":2,"125":2,"126":3,"127":3,"128":3,"129":3,"130":1,"133":3,"134":3,"139":3,"143":1,"144":3,"145":1,"149":1,"150":1,"158":1,"160":1,"161":1,"162":1,"164":1,"166":1,"258":1,"259":1,"271":1,"274":6,"275":6,"277":1,"279":2,"281":1,"283":2,"288":1,"289":1,"291":1,"296":1,"303":1,"306":1,"307":1,"310":1,"311":1,"313":1,"314":1,"315":1,"316":1,"317":1,"318":1,"319":1,"321":1,"322":1,"324":1}},"/home/travis/build/npmtest/node-npmtest-homebridge-smartthings/node_modules/homebridge-smartthings/index.js":{"path":"/home/travis/build/npmtest/node-npmtest-homebridge-smartthings/node_modules/homebridge-smartthings/index.js","s":{"1":1,"2":1,"3":1,"4":1,"5":1,"6":1,"7":1,"8":0,"9":0,"10":0,"11":0,"12":0,"13":0,"14":1,"15":0,"16":0,"17":0,"18":0,"19":0,"20":0,"21":0,"22":0,"23":0,"24":0,"25":0,"26":0,"27":0,"28":0,"29":0,"30":0,"31":0,"32":0,"33":0,"34":0,"35":0,"36":0,"37":0,"38":0,"39":0,"40":1,"41":0,"42":0,"43":0,"44":0,"45":0,"46":0,"47":0,"48":0,"49":0,"50":0,"51":0,"52":0,"53":0,"54":0,"55":0,"56":0,"57":0,"58":0,"59":0,"60":0,"61":0,"62":0,"63":0,"64":0,"65":0,"66":0,"67":0,"68":0,"69":0,"70":0,"71":0,"72":0,"73":0,"74":0,"75":0,"76":0,"77":0,"78":0,"79":0,"80":0,"81":0,"82":0,"83":0,"84":0,"85":0,"86":0,"87":0,"88":0,"89":0,"90":0,"91":0,"92":0,"93":0,"94":0,"95":0,"96":0,"97":0,"98":0,"99":0,"100":0,"101":0,"102":0,"103":0,"104":0,"105":0,"106":0,"107":0,"108":0,"109":0,"110":0,"111":0,"112":0,"113":0,"114":0,"115":0,"116":0,"117":0,"118":1,"119":0,"120":0,"121":0,"122":0,"123":0,"124":0,"125":0,"126":0,"127":0,"128":1,"129":0,"130":0,"131":0,"132":0,"133":0,"134":0,"135":0,"136":0,"137":1,"138":0,"139":0,"140":0,"141":0,"142":0,"143":0},"b":{"1":[0,0],"2":[0,0],"3":[0,0],"4":[0,0],"5":[0,0],"6":[0,0],"7":[0,0],"8":[0,0],"9":[0,0,0],"10":[0,0],"11":[0,0],"12":[0,0],"13":[0,0],"14":[0,0],"15":[0,0],"16":[0,0],"17":[0,0],"18":[0,0],"19":[0,0],"20":[0,0],"21":[0,0],"22":[0,0],"23":[0,0],"24":[0,0],"25":[0,0],"26":[0,0],"27":[0,0],"28":[0,0,0],"29":[0,0],"30":[0,0],"31":[0,0],"32":[0,0],"33":[0,0],"34":[0,0],"35":[0,0],"36":[0,0],"37":[0,0]},"f":{"1":0,"2":0,"3":0,"4":0,"5":0,"6":0,"7":0,"8":0,"9":0,"10":0,"11":0,"12":0,"13":0,"14":0,"15":0,"16":0,"17":0,"18":0,"19":0,"20":0,"21":0},"fnMap":{"1":{"name":"(anonymous_1)","line":10,"loc":{"start":{"line":10,"column":17},"end":{"line":10,"column":39}}},"2":{"name":"SmartThingsPlatform","line":21,"loc":{"start":{"line":21,"column":0},"end":{"line":21,"column":42}}},"3":{"name":"(anonymous_3)","line":54,"loc":{"start":{"line":54,"column":13},"end":{"line":54,"column":33}}},"4":{"name":"(anonymous_4)","line":58,"loc":{"start":{"line":58,"column":25},"end":{"line":58,"column":43}}},"5":{"name":"(anonymous_5)","line":62,"loc":{"start":{"line":62,"column":26},"end":{"line":62,"column":45}}},"6":{"name":"(anonymous_6)","line":102,"loc":{"start":{"line":102,"column":14},"end":{"line":102,"column":34}}},"7":{"name":"(anonymous_7)","line":119,"loc":{"start":{"line":119,"column":18},"end":{"line":119,"column":46}}},"8":{"name":"(anonymous_8)","line":128,"loc":{"start":{"line":128,"column":36},"end":{"line":128,"column":51}}},"9":{"name":"(anonymous_9)","line":131,"loc":{"start":{"line":131,"column":15},"end":{"line":131,"column":37}}},"10":{"name":"(anonymous_10)","line":132,"loc":{"start":{"line":132,"column":16},"end":{"line":132,"column":34}}},"11":{"name":"(anonymous_11)","line":143,"loc":{"start":{"line":143,"column":20},"end":{"line":143,"column":68}}},"12":{"name":"(anonymous_12)","line":151,"loc":{"start":{"line":151,"column":22},"end":{"line":151,"column":33}}},"13":{"name":"(anonymous_13)","line":153,"loc":{"start":{"line":153,"column":25},"end":{"line":153,"column":40}}},"14":{"name":"(anonymous_14)","line":156,"loc":{"start":{"line":156,"column":27},"end":{"line":156,"column":48}}},"15":{"name":"(anonymous_15)","line":165,"loc":{"start":{"line":165,"column":21},"end":{"line":165,"column":50}}},"16":{"name":"smartthing_getIP","line":181,"loc":{"start":{"line":181,"column":0},"end":{"line":181,"column":28}}},"17":{"name":"(anonymous_17)","line":184,"loc":{"start":{"line":184,"column":29},"end":{"line":184,"column":47}}},"18":{"name":"(anonymous_18)","line":186,"loc":{"start":{"line":186,"column":25},"end":{"line":186,"column":42}}},"19":{"name":"smartthings_SetupHTTPServer","line":196,"loc":{"start":{"line":196,"column":0},"end":{"line":196,"column":52}}},"20":{"name":"(anonymous_20)","line":200,"loc":{"start":{"line":200,"column":34},"end":{"line":200,"column":61}}},"21":{"name":"smartthings_HandleHTTPResponse","line":213,"loc":{"start":{"line":213,"column":0},"end":{"line":213,"column":75}}}},"statementMap":{"1":{"start":{"line":1,"column":0},"end":{"line":1,"column":30}},"2":{"start":{"line":2,"column":0},"end":{"line":2,"column":50}},"3":{"start":{"line":3,"column":0},"end":{"line":3,"column":26}},"4":{"start":{"line":4,"column":0},"end":{"line":4,"column":23}},"5":{"start":{"line":6,"column":0},"end":{"line":6,"column":68}},"6":{"start":{"line":8,"column":0},"end":{"line":8,"column":25}},"7":{"start":{"line":10,"column":0},"end":{"line":19,"column":2}},"8":{"start":{"line":11,"column":1},"end":{"line":11,"column":34}},"9":{"start":{"line":12,"column":1},"end":{"line":12,"column":48}},"10":{"start":{"line":13,"column":1},"end":{"line":13,"column":38}},"11":{"start":{"line":14,"column":1},"end":{"line":14,"column":28}},"12":{"start":{"line":16,"column":1},"end":{"line":16,"column":103}},"13":{"start":{"line":18,"column":1},"end":{"line":18,"column":91}},"14":{"start":{"line":21,"column":0},"end":{"line":51,"column":1}},"15":{"start":{"line":23,"column":1},"end":{"line":23,"column":34}},"16":{"start":{"line":24,"column":1},"end":{"line":24,"column":32}},"17":{"start":{"line":25,"column":1},"end":{"line":25,"column":44}},"18":{"start":{"line":28,"column":1},"end":{"line":28,"column":50}},"19":{"start":{"line":29,"column":1},"end":{"line":29,"column":56}},"20":{"start":{"line":29,"column":28},"end":{"line":29,"column":56}},"21":{"start":{"line":32,"column":1},"end":{"line":32,"column":46}},"22":{"start":{"line":33,"column":1},"end":{"line":33,"column":54}},"23":{"start":{"line":33,"column":26},"end":{"line":33,"column":54}},"24":{"start":{"line":35,"column":1},"end":{"line":35,"column":48}},"25":{"start":{"line":36,"column":1},"end":{"line":36,"column":52}},"26":{"start":{"line":36,"column":27},"end":{"line":36,"column":52}},"27":{"start":{"line":37,"column":1},"end":{"line":38,"column":177}},"28":{"start":{"line":38,"column":2},"end":{"line":38,"column":177}},"29":{"start":{"line":40,"column":1},"end":{"line":40,"column":42}},"30":{"start":{"line":41,"column":1},"end":{"line":41,"column":48}},"31":{"start":{"line":41,"column":24},"end":{"line":41,"column":48}},"32":{"start":{"line":43,"column":1},"end":{"line":43,"column":38}},"33":{"start":{"line":44,"column":1},"end":{"line":44,"column":58}},"34":{"start":{"line":44,"column":22},"end":{"line":44,"column":58}},"35":{"start":{"line":46,"column":1},"end":{"line":46,"column":24}},"36":{"start":{"line":47,"column":1},"end":{"line":47,"column":16}},"37":{"start":{"line":48,"column":1},"end":{"line":48,"column":24}},"38":{"start":{"line":49,"column":1},"end":{"line":49,"column":23}},"39":{"start":{"line":50,"column":1},"end":{"line":50,"column":26}},"40":{"start":{"line":53,"column":0},"end":{"line":179,"column":2}},"41":{"start":{"line":55,"column":2},"end":{"line":55,"column":18}},"42":{"start":{"line":56,"column":2},"end":{"line":56,"column":28}},"43":{"start":{"line":57,"column":2},"end":{"line":57,"column":47}},"44":{"start":{"line":58,"column":2},"end":{"line":100,"column":5}},"45":{"start":{"line":59,"column":3},"end":{"line":59,"column":46}},"46":{"start":{"line":61,"column":3},"end":{"line":96,"column":4}},"47":{"start":{"line":62,"column":4},"end":{"line":84,"column":5}},"48":{"start":{"line":63,"column":5},"end":{"line":83,"column":6}},"49":{"start":{"line":64,"column":6},"end":{"line":64,"column":30}},"50":{"start":{"line":66,"column":6},"end":{"line":66,"column":32}},"51":{"start":{"line":67,"column":6},"end":{"line":82,"column":7}},"52":{"start":{"line":68,"column":7},"end":{"line":68,"column":54}},"53":{"start":{"line":69,"column":7},"end":{"line":69,"column":38}},"54":{"start":{"line":71,"column":7},"end":{"line":71,"column":58}},"55":{"start":{"line":73,"column":7},"end":{"line":81,"column":8}},"56":{"start":{"line":74,"column":8},"end":{"line":80,"column":9}},"57":{"start":{"line":75,"column":9},"end":{"line":75,"column":187}},"58":{"start":{"line":75,"column":29},"end":{"line":75,"column":187}},"59":{"start":{"line":77,"column":9},"end":{"line":77,"column":126}},"60":{"start":{"line":78,"column":9},"end":{"line":78,"column":59}},"61":{"start":{"line":79,"column":9},"end":{"line":79,"column":42}},"62":{"start":{"line":85,"column":4},"end":{"line":87,"column":5}},"63":{"start":{"line":86,"column":5},"end":{"line":86,"column":63}},"64":{"start":{"line":89,"column":4},"end":{"line":89,"column":39}},"65":{"start":{"line":90,"column":10},"end":{"line":96,"column":4}},"66":{"start":{"line":91,"column":4},"end":{"line":91,"column":47}},"67":{"start":{"line":92,"column":10},"end":{"line":96,"column":4}},"68":{"start":{"line":93,"column":4},"end":{"line":93,"column":76}},"69":{"start":{"line":95,"column":4},"end":{"line":95,"column":47}},"70":{"start":{"line":97,"column":3},"end":{"line":98,"column":30}},"71":{"start":{"line":98,"column":4},"end":{"line":98,"column":30}},"72":{"start":{"line":99,"column":3},"end":{"line":99,"column":26}},"73":{"start":{"line":103,"column":2},"end":{"line":103,"column":45}},"74":{"start":{"line":105,"column":2},"end":{"line":105,"column":18}},"75":{"start":{"line":106,"column":2},"end":{"line":106,"column":28}},"76":{"start":{"line":107,"column":2},"end":{"line":107,"column":25}},"77":{"start":{"line":108,"column":2},"end":{"line":108,"column":32}},"78":{"start":{"line":109,"column":2},"end":{"line":114,"column":70}},"79":{"start":{"line":115,"column":2},"end":{"line":115,"column":30}},"80":{"start":{"line":117,"column":2},"end":{"line":117,"column":65}},"81":{"start":{"line":119,"column":2},"end":{"line":141,"column":5}},"82":{"start":{"line":120,"column":3},"end":{"line":120,"column":81}},"83":{"start":{"line":121,"column":3},"end":{"line":121,"column":30}},"84":{"start":{"line":122,"column":3},"end":{"line":122,"column":72}},"85":{"start":{"line":124,"column":3},"end":{"line":140,"column":4}},"86":{"start":{"line":125,"column":4},"end":{"line":125,"column":81}},"87":{"start":{"line":127,"column":8},"end":{"line":140,"column":4}},"88":{"start":{"line":128,"column":4},"end":{"line":134,"column":7}},"89":{"start":{"line":129,"column":5},"end":{"line":129,"column":70}},"90":{"start":{"line":130,"column":5},"end":{"line":132,"column":89}},"91":{"start":{"line":131,"column":39},"end":{"line":131,"column":113}},"92":{"start":{"line":131,"column":91},"end":{"line":131,"column":113}},"93":{"start":{"line":132,"column":36},"end":{"line":132,"column":83}},"94":{"start":{"line":133,"column":11},"end":{"line":133,"column":67}},"95":{"start":{"line":137,"column":8},"end":{"line":140,"column":4}},"96":{"start":{"line":138,"column":4},"end":{"line":138,"column":38}},"97":{"start":{"line":139,"column":4},"end":{"line":139,"column":67}},"98":{"start":{"line":144,"column":2},"end":{"line":145,"column":40}},"99":{"start":{"line":145,"column":3},"end":{"line":145,"column":40}},"100":{"start":{"line":146,"column":2},"end":{"line":147,"column":50}},"101":{"start":{"line":147,"column":3},"end":{"line":147,"column":50}},"102":{"start":{"line":148,"column":2},"end":{"line":148,"column":67}},"103":{"start":{"line":152,"column":2},"end":{"line":152,"column":16}},"104":{"start":{"line":153,"column":2},"end":{"line":153,"column":86}},"105":{"start":{"line":153,"column":42},"end":{"line":153,"column":83}},"106":{"start":{"line":157,"column":2},"end":{"line":162,"column":3}},"107":{"start":{"line":158,"column":3},"end":{"line":161,"column":4}},"108":{"start":{"line":159,"column":4},"end":{"line":159,"column":54}},"109":{"start":{"line":167,"column":2},"end":{"line":167,"column":135}},"110":{"start":{"line":167,"column":128},"end":{"line":167,"column":135}},"111":{"start":{"line":168,"column":2},"end":{"line":168,"column":82}},"112":{"start":{"line":169,"column":2},"end":{"line":177,"column":3}},"113":{"start":{"line":170,"column":3},"end":{"line":176,"column":4}},"114":{"start":{"line":171,"column":4},"end":{"line":171,"column":59}},"115":{"start":{"line":172,"column":4},"end":{"line":175,"column":5}},"116":{"start":{"line":173,"column":5},"end":{"line":173,"column":78}},"117":{"start":{"line":174,"column":5},"end":{"line":174,"column":27}},"118":{"start":{"line":181,"column":0},"end":{"line":195,"column":1}},"119":{"start":{"line":182,"column":1},"end":{"line":182,"column":15}},"120":{"start":{"line":183,"column":1},"end":{"line":183,"column":37}},"121":{"start":{"line":184,"column":1},"end":{"line":193,"column":4}},"122":{"start":{"line":185,"column":4},"end":{"line":185,"column":18}},"123":{"start":{"line":186,"column":2},"end":{"line":192,"column":7}},"124":{"start":{"line":187,"column":6},"end":{"line":190,"column":7}},"125":{"start":{"line":189,"column":9},"end":{"line":189,"column":16}},"126":{"start":{"line":191,"column":5},"end":{"line":191,"column":26}},"127":{"start":{"line":194,"column":1},"end":{"line":194,"column":13}},"128":{"start":{"line":196,"column":0},"end":{"line":211,"column":1}},"129":{"start":{"line":200,"column":1},"end":{"line":201,"column":71}},"130":{"start":{"line":201,"column":4},"end":{"line":201,"column":68}},"131":{"start":{"line":203,"column":1},"end":{"line":209,"column":3}},"132":{"start":{"line":204,"column":4},"end":{"line":207,"column":5}},"133":{"start":{"line":205,"column":6},"end":{"line":205,"column":55}},"134":{"start":{"line":206,"column":3},"end":{"line":206,"column":13}},"135":{"start":{"line":208,"column":2},"end":{"line":208,"column":110}},"136":{"start":{"line":210,"column":1},"end":{"line":210,"column":15}},"137":{"start":{"line":213,"column":0},"end":{"line":224,"column":1}},"138":{"start":{"line":214,"column":1},"end":{"line":215,"column":65}},"139":{"start":{"line":215,"column":2},"end":{"line":215,"column":65}},"140":{"start":{"line":216,"column":0},"end":{"line":222,"column":3}},"141":{"start":{"line":217,"column":2},"end":{"line":220,"column":46}},"142":{"start":{"line":221,"column":2},"end":{"line":221,"column":61}},"143":{"start":{"line":223,"column":1},"end":{"line":223,"column":20}}},"branchMap":{"1":{"line":29,"type":"if","locations":[{"start":{"line":29,"column":1},"end":{"line":29,"column":1}},{"start":{"line":29,"column":1},"end":{"line":29,"column":1}}]},"2":{"line":33,"type":"if","locations":[{"start":{"line":33,"column":1},"end":{"line":33,"column":1}},{"start":{"line":33,"column":1},"end":{"line":33,"column":1}}]},"3":{"line":36,"type":"if","locations":[{"start":{"line":36,"column":1},"end":{"line":36,"column":1}},{"start":{"line":36,"column":1},"end":{"line":36,"column":1}}]},"4":{"line":37,"type":"if","locations":[{"start":{"line":37,"column":1},"end":{"line":37,"column":1}},{"start":{"line":37,"column":1},"end":{"line":37,"column":1}}]},"5":{"line":37,"type":"binary-expr","locations":[{"start":{"line":37,"column":5},"end":{"line":37,"column":31}},{"start":{"line":37,"column":35},"end":{"line":37,"column":57}}]},"6":{"line":41,"type":"if","locations":[{"start":{"line":41,"column":1},"end":{"line":41,"column":1}},{"start":{"line":41,"column":1},"end":{"line":41,"column":1}}]},"7":{"line":44,"type":"if","locations":[{"start":{"line":44,"column":1},"end":{"line":44,"column":1}},{"start":{"line":44,"column":1},"end":{"line":44,"column":1}}]},"8":{"line":61,"type":"if","locations":[{"start":{"line":61,"column":3},"end":{"line":61,"column":3}},{"start":{"line":61,"column":3},"end":{"line":61,"column":3}}]},"9":{"line":61,"type":"binary-expr","locations":[{"start":{"line":61,"column":7},"end":{"line":61,"column":13}},{"start":{"line":61,"column":17},"end":{"line":61,"column":34}},{"start":{"line":61,"column":38},"end":{"line":61,"column":72}}]},"10":{"line":67,"type":"if","locations":[{"start":{"line":67,"column":6},"end":{"line":67,"column":6}},{"start":{"line":67,"column":6},"end":{"line":67,"column":6}}]},"11":{"line":73,"type":"if","locations":[{"start":{"line":73,"column":7},"end":{"line":73,"column":7}},{"start":{"line":73,"column":7},"end":{"line":73,"column":7}}]},"12":{"line":74,"type":"if","locations":[{"start":{"line":74,"column":8},"end":{"line":74,"column":8}},{"start":{"line":74,"column":8},"end":{"line":74,"column":8}}]},"13":{"line":74,"type":"binary-expr","locations":[{"start":{"line":74,"column":13},"end":{"line":74,"column":43}},{"start":{"line":74,"column":49},"end":{"line":74,"column":83}}]},"14":{"line":75,"type":"if","locations":[{"start":{"line":75,"column":9},"end":{"line":75,"column":9}},{"start":{"line":75,"column":9},"end":{"line":75,"column":9}}]},"15":{"line":85,"type":"if","locations":[{"start":{"line":85,"column":4},"end":{"line":85,"column":4}},{"start":{"line":85,"column":4},"end":{"line":85,"column":4}}]},"16":{"line":85,"type":"binary-expr","locations":[{"start":{"line":85,"column":8},"end":{"line":85,"column":14}},{"start":{"line":85,"column":18},"end":{"line":85,"column":33}}]},"17":{"line":90,"type":"if","locations":[{"start":{"line":90,"column":10},"end":{"line":90,"column":10}},{"start":{"line":90,"column":10},"end":{"line":90,"column":10}}]},"18":{"line":90,"type":"binary-expr","locations":[{"start":{"line":90,"column":15},"end":{"line":90,"column":22}},{"start":{"line":90,"column":28},"end":{"line":90,"column":41}}]},"19":{"line":92,"type":"if","locations":[{"start":{"line":92,"column":10},"end":{"line":92,"column":10}},{"start":{"line":92,"column":10},"end":{"line":92,"column":10}}]},"20":{"line":97,"type":"if","locations":[{"start":{"line":97,"column":3},"end":{"line":97,"column":3}},{"start":{"line":97,"column":3},"end":{"line":97,"column":3}}]},"21":{"line":124,"type":"if","locations":[{"start":{"line":124,"column":3},"end":{"line":124,"column":3}},{"start":{"line":124,"column":3},"end":{"line":124,"column":3}}]},"22":{"line":127,"type":"if","locations":[{"start":{"line":127,"column":8},"end":{"line":127,"column":8}},{"start":{"line":127,"column":8},"end":{"line":127,"column":8}}]},"23":{"line":131,"type":"if","locations":[{"start":{"line":131,"column":39},"end":{"line":131,"column":39}},{"start":{"line":131,"column":39},"end":{"line":131,"column":39}}]},"24":{"line":137,"type":"if","locations":[{"start":{"line":137,"column":8},"end":{"line":137,"column":8}},{"start":{"line":137,"column":8},"end":{"line":137,"column":8}}]},"25":{"line":144,"type":"if","locations":[{"start":{"line":144,"column":2},"end":{"line":144,"column":2}},{"start":{"line":144,"column":2},"end":{"line":144,"column":2}}]},"26":{"line":146,"type":"if","locations":[{"start":{"line":146,"column":2},"end":{"line":146,"column":2}},{"start":{"line":146,"column":2},"end":{"line":146,"column":2}}]},"27":{"line":157,"type":"if","locations":[{"start":{"line":157,"column":2},"end":{"line":157,"column":2}},{"start":{"line":157,"column":2},"end":{"line":157,"column":2}}]},"28":{"line":157,"type":"binary-expr","locations":[{"start":{"line":157,"column":6},"end":{"line":157,"column":10}},{"start":{"line":157,"column":14},"end":{"line":157,"column":29}},{"start":{"line":157,"column":33},"end":{"line":157,"column":65}}]},"29":{"line":167,"type":"if","locations":[{"start":{"line":167,"column":2},"end":{"line":167,"column":2}},{"start":{"line":167,"column":2},"end":{"line":167,"column":2}}]},"30":{"line":167,"type":"binary-expr","locations":[{"start":{"line":167,"column":9},"end":{"line":167,"column":53}},{"start":{"line":167,"column":59},"end":{"line":167,"column":124}}]},"31":{"line":169,"type":"if","locations":[{"start":{"line":169,"column":2},"end":{"line":169,"column":2}},{"start":{"line":169,"column":2},"end":{"line":169,"column":2}}]},"32":{"line":172,"type":"if","locations":[{"start":{"line":172,"column":4},"end":{"line":172,"column":4}},{"start":{"line":172,"column":4},"end":{"line":172,"column":4}}]},"33":{"line":187,"type":"if","locations":[{"start":{"line":187,"column":6},"end":{"line":187,"column":6}},{"start":{"line":187,"column":6},"end":{"line":187,"column":6}}]},"34":{"line":187,"type":"binary-expr","locations":[{"start":{"line":187,"column":10},"end":{"line":187,"column":33}},{"start":{"line":187,"column":37},"end":{"line":187,"column":61}}]},"35":{"line":204,"type":"if","locations":[{"start":{"line":204,"column":4},"end":{"line":204,"column":4}},{"start":{"line":204,"column":4},"end":{"line":204,"column":4}}]},"36":{"line":214,"type":"if","locations":[{"start":{"line":214,"column":1},"end":{"line":214,"column":1}},{"start":{"line":214,"column":1},"end":{"line":214,"column":1}}]},"37":{"line":216,"type":"if","locations":[{"start":{"line":216,"column":0},"end":{"line":216,"column":0}},{"start":{"line":216,"column":0},"end":{"line":216,"column":0}}]}},"code":["var PubNub = require('pubnub')","var smartthings = require('./lib/smartthingsapi');","var http = require('http')","var os = require('os');","","var Service, Characteristic, Accessory, uuid, EnergyCharacteristics;","","var SmartThingsAccessory;","","module.exports = function (homebridge) {","\tService = homebridge.hap.Service;","\tCharacteristic = homebridge.hap.Characteristic;","\tAccessory = homebridge.hap.Accessory;","\tuuid = homebridge.hap.uuid;","","\tSmartThingsAccessory = require('./accessories/smartthings')(Accessory, Service, Characteristic, uuid);","","\thomebridge.registerPlatform(\"homebridge-smartthings\", \"SmartThings\", SmartThingsPlatform);","};","","function SmartThingsPlatform(log, config) {","\t// Load Wink Authentication From Config File","\tthis.app_url = config[\"app_url\"];","\tthis.app_id = config[\"app_id\"];","\tthis.access_token = config[\"access_token\"];","","\t//This is how often it does a full refresh","\tthis.polling_seconds = config[\"polling_seconds\"];","\tif (!this.polling_seconds) this.polling_seconds = 3600; //Get a full refresh every hour.","","\t//This is how often it polls for subscription data.","\tthis.update_method = config[\"update_method\"];","\tif (!this.update_method) this.update_method='direct';","","\tthis.update_seconds = config[\"update_seconds\"];","\tif (!this.update_seconds) this.update_seconds = 30; //30 seconds is the new default","\tif (this.update_method==='api' && this.update_seconds<30) ","\t\tthat.log(\"The setting for update_seconds is lower than the SmartThings recommended value. Please switch to direct or PubNub using a free subscription for real-time updates.\");","","\tthis.direct_port = config[\"direct_port\"];","\tif (!this.direct_port) this.direct_port = 8000;","\t","\tthis.direct_ip = config[\"direct_ip\"];","\tif (!this.direct_ip) this.direct_ip = smartthing_getIP();","","\tthis.api = smartthings;","\tthis.log = log;","\tthis.deviceLookup = {};","\tthis.firstpoll = true;","\tthis.attributeLookup = {}","}","","SmartThingsPlatform.prototype = {","\treloadData: function (callback) {","\t\tvar that = this;","\t\tvar foundAccessories = [];","\t\tthis.log.debug(\"Refreshing All Device Data\");","\t\tsmartthings.getDevices(function (myList) {","\t\t\tthat.log.debug(\"Received All Device Data\");","\t\t\t// success","\t\t\tif (myList && myList.deviceList && myList.deviceList instanceof Array) {","\t\t\t\tvar populateDevices = function (devices) {","\t\t\t\t\tfor (var i = 0; i < devices.length; i++) {","\t\t\t\t\t\tvar device = devices[i];","","\t\t\t\t\t\tvar accessory = undefined;","\t\t\t\t\t\tif (that.deviceLookup[device.deviceid]) {","\t\t\t\t\t\t\taccessory = that.deviceLookup[device.deviceid];","\t\t\t\t\t\t\taccessory.loadData(devices[i]);","\t\t\t\t\t\t} else {","\t\t\t\t\t\t\taccessory = new SmartThingsAccessory(that, device);","","\t\t\t\t\t\t\tif (accessory != undefined) {","\t\t\t\t\t\t\t\tif ((accessory.services.length <= 1) || (accessory.deviceGroup == \"unknown\")) {","\t\t\t\t\t\t\t\t\tif (that.firstpoll) that.log(\"Device Skipped - Group \" + accessory.deviceGroup + \", Name \" + accessory.name + \", ID \" + accessory.deviceid + \", JSON: \" + JSON.stringify(device));","\t\t\t\t\t\t\t\t} else {","\t\t\t\t\t\t\t\t\tthat.log(\"Device Added - Group \" + accessory.deviceGroup + \", Name \" + accessory.name + \", ID \" + accessory.deviceid)//+\", JSON: \"+ JSON.stringify(device));","\t\t\t\t\t\t\t\t\tthat.deviceLookup[accessory.deviceid] = accessory;","\t\t\t\t\t\t\t\t\tfoundAccessories.push(accessory);","\t\t\t\t\t\t\t\t}","\t\t\t\t\t\t\t}","\t\t\t\t\t\t}","\t\t\t\t\t}","\t\t\t\t}","\t\t\t\tif (myList && myList.location) {","\t\t\t\t\tthat.temperature_unit = myList.location.temperature_scale;","\t\t\t\t}","","\t\t\t\tpopulateDevices(myList.deviceList);","\t\t\t} else if ((!myList) || (!myList.error)) {","\t\t\t\tthat.log(\"Invalid Response from API call\");","\t\t\t} else if (myList.error) {","\t\t\t\tthat.log(\"Error received type \" + myList.type + ' - ' + myList.message);","\t\t\t} else {","\t\t\t\tthat.log(\"Invalid Response from API call\");","\t\t\t}","\t\t\tif (callback)","\t\t\t\tcallback(foundAccessories)","\t\t\tthat.firstpoll = false;","\t\t});","\t},","\taccessories: function (callback) {","\t\tthis.log(\"Fetching Smart Things devices.\");","","\t\tvar that = this;","\t\tvar foundAccessories = [];","\t\tthis.deviceLookup = [];","\t\tthis.unknownCapabilities = [];","\t\tthis.knownCapabilities = [\"Switch\", \"Color Control\", \"Battery\", \"Polling\", \"Lock\", \"Refresh\", \"Lock Codes\", \"Sensor\", \"Actuator\",","\t\t\t\"Configuration\", \"Switch Level\", \"Temperature Measurement\", \"Motion Sensor\", \"Color Temperature\",","\t\t\t\"Contact Sensor\", \"Three Axis\", \"Acceleration Sensor\", \"Momentary\", \"Door Control\", \"Garage Door Control\",","\t\t\t\"Relative Humidity Measurement\", \"Presence Sensor\", \"Thermostat\", \"Energy Meter\", \"Power Meter\",","\t\t\t\"Thermostat Cooling Setpoint\", \"Thermostat Mode\", \"Thermostat Fan Mode\", \"Thermostat Operating State\",","\t\t\t\"Thermostat Heating Setpoint\", \"Thermostat Setpoint\", \"Indicator\"];","\t\tthis.temperature_unit = 'F';","","\t\tsmartthings.init(this.app_url, this.app_id, this.access_token);","","\t\tthis.reloadData(function (foundAccessories) {","\t\t\tthat.log(\"Unknown Capabilities: \" + JSON.stringify(that.unknownCapabilities));","\t\t\tcallback(foundAccessories);","\t\t\tsetInterval(that.reloadData.bind(that), that.polling_seconds * 1000);","\t\t\t//Initialize Update Mechanism for realtime-ish updates.","\t\t\tif (that.update_method==='api') //Legacy API method.","\t\t\t\tsetInterval(that.doIncrementalUpdate.bind(that), that.update_seconds * 1000);","","\t\t\telse if (that.update_method==='pubnub') { //Uses user's PubNub account","\t\t\t\tthat.api.getSubscriptionService(function(data) {","\t\t\t\t\tpubnub = new PubNub({ subscribeKey : data.pubnub_subscribekey });","\t\t\t\t\tpubnub.addListener({ ","\t\t\t\t\t\t\tstatus: function(statusEvent) { if (statusEvent.category==='PNReconnectedCategory') that.reloadData(null); },","\t\t\t\t\t\t\tmessage: function(message) { that.processFieldUpdate(message.message, that); } });","        \t\t\tpubnub.subscribe({ channels: [ that.pubnub_channel ] });\t","\t\t\t\t});","\t\t\t}","","\t\t\telse if (that.update_method=='direct') { //The Hub sends updates to this module using http","\t\t\t\tsmartthings_SetupHTTPServer(that);","\t\t\t\tsmartthings.startDirect(null,that.direct_ip, that.direct_port);","\t\t\t}","\t\t});","\t},","\taddAttributeUsage: function(attribute, deviceid, mycharacteristic) {","\t\tif (!this.attributeLookup[attribute])","\t\t\tthis.attributeLookup[attribute] = {};","\t\tif (!this.attributeLookup[attribute][deviceid])","\t\t\tthis.attributeLookup[attribute][deviceid] = [];","\t\tthis.attributeLookup[attribute][deviceid].push(mycharacteristic);","\t},","","\tdoIncrementalUpdate: function() {","\t\tvar that=this;","\t\tsmartthings.getUpdates(function(data) { that.processIncrementalUpdate(data, that)});","\t},","","\tprocessIncrementalUpdate: function(data, that) {","\t\tif (data && data.attributes && data.attributes instanceof Array) {","\t\t\tfor (var i = 0; i < data.attributes.length; i++) {","\t\t\t\tthat.processFieldUpdate(data.attributes[i], that);","","\t\t\t}","\t\t}","\t},","","\tprocessFieldUpdate: function(attributeSet, that) {","\t\t//that.log(\"Processing Update\");","\t\tif (!((that.attributeLookup[attributeSet.attribute]) && (that.attributeLookup[attributeSet.attribute][attributeSet.device]))) return;","\t\tvar myUsage = that.attributeLookup[attributeSet.attribute][attributeSet.device];","\t\tif (myUsage instanceof Array) {","\t\t\tfor (var j = 0; j < myUsage.length; j++) {","\t\t\t\tvar accessory = that.deviceLookup[attributeSet.device];","\t\t\t\tif (accessory) {","\t\t\t\t\taccessory.device.attributes[attributeSet.attribute] = attributeSet.value;","\t\t\t\t\tmyUsage[j].getValue();","\t\t\t\t}","\t\t\t}","\t\t}","\t}","};","","function smartthing_getIP() {","\tvar myIP = '';","\tvar ifaces = os.networkInterfaces();","\tObject.keys(ifaces).forEach(function (ifname) {","  \t\tvar alias = 0;","\t\tifaces[ifname].forEach(function (iface) {","    \t\tif ('IPv4' !== iface.family || iface.internal !== false) {","      \t\t\t// skip over internal (i.e. 127.0.0.1) and non-ipv4 addresses","      \t\t\treturn;","    \t\t}","    \tmyIP = iface.address;","  \t\t});","\t});","\treturn myIP;","}","function smartthings_SetupHTTPServer(mySmartThings) {","\t//Get the IP address that we will send to the SmartApp. This can be overridden in the config file.","\t","\t//Start the HTTP Server","\tconst server = http.createServer(function(request,response) { ","\t\t\t\tsmartthings_HandleHTTPResponse(request, response, mySmartThings)});","","\tserver.listen(mySmartThings.direct_port, (err) => {  ","  \t\tif (err) {","    \t\tmySmartThings.log('something bad happened', err);","\t\t\treturn '';","  \t\t}","\t\tmySmartThings.log(`Direct Connect Is Listening On ${mySmartThings.di
[...]
attery\", this.deviceid, thisCharacteristic);","    }","","    if (device.capabilities[\"Energy Meter\"] !== undefined) {","        this.deviceGroup = 'EnergyMeter';","        thisCharacteristic = this.getaddService(Service.Outlet).addCharacteristic(EnergyCharacteristics.TotalConsumption1)","        thisCharacteristic.on('get', function(callback) { callback(null, Math.round(that.device.attributes.energy)); });","\t\tthat.platform.addAttributeUsage(\"energy\", this.deviceid, thisCharacteristic);","\t}","","    if (device.capabilities[\"Power Meter\"] !== undefined) {\t","        thisCharacteristic = this.getaddService(Service.Outlet).addCharacteristic(EnergyCharacteristics.CurrentConsumption1)","        thisCharacteristic.on('get', function(callback) { callback(null, Math.round(that.device.attributes.power)); });","\t\tthat.platform.addAttributeUsage(\"power\", this.deviceid, thisCharacteristic);","    }","","    if (device.capabilities[\"Acceleration Sensor\"] !== undefined) {","        if (this.deviceGroup == 'unknown') this.deviceGroup = \"sensor\";","    }","","    if (device.capabilities[\"Three Axis\"] !== undefined) {","        if (this.deviceGroup == 'unknown') this.deviceGroup = \"sensor\";","    }","","\tif (device.capabilities[\"Thermostat\"] !== undefined) {","        this.deviceGroup = \"thermostats\";","        ","\t\tthisCharacteristic = this.getaddService(Service.Thermostat).getCharacteristic(Characteristic.CurrentHeatingCoolingState)","        thisCharacteristic.on('get', function(callback) {","                switch (that.device.attributes.thermostatOperatingState) {","                    case \"pending cool\":","                    case \"cooling\":","                        callback(null, Characteristic.CurrentHeatingCoolingState.COOL);","                        break;","                    case \"pending heat\":","                    case \"heating\":","                        callback(null, Characteristic.CurrentHeatingCoolingState.HEAT);","                        break;","                    default: //The above list should be inclusive, but we need to return something if they change stuff.","                        //TODO: Double check if Smartthings can send \"auto\" as operatingstate. I don't think it can.","                        callback(null, Characteristic.CurrentHeatingCoolingState.OFF);","                        break;","                }","            });","\t\tthat.platform.addAttributeUsage(\"thermostatOperatingState\", this.deviceid, thisCharacteristic);","","        //Handle the Target State","        thisCharacteristic = this.getaddService(Service.Thermostat).getCharacteristic(Characteristic.TargetHeatingCoolingState)","        thisCharacteristic.on('get', function(callback) {","                switch (that.device.attributes.thermostatMode) {","                    case \"cool\":","                        callback(null, Characteristic.TargetHeatingCoolingState.COOL);","                        break;","                    case \"emergency heat\":","                    case \"heat\":","                        callback(null, Characteristic.TargetHeatingCoolingState.HEAT);","                        break;","                    case \"auto\":","                        callback(null, Characteristic.TargetHeatingCoolingState.AUTO);","                        break;","                    default: //The above list should be inclusive, but we need to return something if they change stuff.","                        callback(null, Characteristic.TargetHeatingCoolingState.OFF);","                        break;","                }","            })","        thisCharacteristic.on('set', function(value, callback) {","                switch (value) {","                    case Characteristic.TargetHeatingCoolingState.COOL:","                        that.platform.api.runCommand(callback, that.deviceid, \"cool\");","                        that.device.attributes.thermostatMode = 'cool';","                        break;","                    case Characteristic.TargetHeatingCoolingState.HEAT:","                        that.platform.api.runCommand(callback, that.deviceid, \"heat\");","                        that.device.attributes.thermostatMode = 'heat';","                        break;","                    case Characteristic.TargetHeatingCoolingState.AUTO:","                        that.platform.api.runCommand(callback, that.deviceid, \"auto\");","                        that.device.attributes.thermostatMode = 'auto';","                        break;","                    case Characteristic.TargetHeatingCoolingState.OFF:","                        that.platform.api.runCommand(callback, that.deviceid, \"off\");","                        that.device.attributes.thermostatMode = 'off';","                        break;","                }","            });","\t\tthat.platform.addAttributeUsage(\"thermostatMode\", this.deviceid, thisCharacteristic);","","        if (device.capabilities[\"Relative Humidity Measurement\"] !== undefined) {","            thisCharacteristic = this.getaddService(Service.Thermostat).getCharacteristic(Characteristic.CurrentRelativeHumidity)","            thisCharacteristic.on('get', function(callback) {","                    callback(null, parseInt(that.device.attributes.humidity));","                });","\t\t\tthat.platform.addAttributeUsage(\"humidity\", this.deviceid, thisCharacteristic);","        }","","        thisCharacteristic = this.getaddService(Service.Thermostat).getCharacteristic(Characteristic.CurrentTemperature)","        thisCharacteristic.on('get', function(callback) {","                if (that.platform.temperature_unit == 'C')","                    callback(null, Math.round(that.device.attributes.temperature*10)/10);","                else","                    callback(null, Math.round(((that.device.attributes.temperature - 32) / 1.8)*10)/10);","            });","\t\tthat.platform.addAttributeUsage(\"temperature\", this.deviceid, thisCharacteristic);","","        thisCharacteristic = this.getaddService(Service.Thermostat).getCharacteristic(Characteristic.TargetTemperature)","        thisCharacteristic.on('get', function(callback) {","                var temp = undefined;","                switch (that.device.attributes.thermostatMode) {","                    case \"cool\":","                        temp = that.device.attributes.coolingSetpoint;","                        break;","                    case \"emergency heat\":","                    case \"heat\":","                        temp = that.device.attributes.heatingSetpoint;","                        break;","                    default: //This should only refer to auto","                       // Choose closest target as single target","                        var high = that.device.attributes.coolingSetpoint;","                        var low = that.device.attributes.heatingSetpoint;","                        var cur = that.device.attributes.temperature;","                        temp = Math.abs(high - cur) < Math.abs(cur - low) ? high : low;","                        break;","                }","                if (!temp) ","                    callback('Unknown');","                else if (that.platform.temperature_unit == 'C')","                    callback(null, Math.round(temp*10)/10);","                else","                    callback(null, Math.round(((temp - 32) / 1.8)*10)/10);","            })","        thisCharacteristic.on('set', function(value, callback) {","                //Convert the Celsius value to the appropriate unit for Smartthings","                var temp = value;","                if (that.platform.temperature_unit == 'C')","                    temp = value;","                else","                    temp = ((value * 1.8) + 32);","","                //Set the appropriate temperature unit based on the mode","                switch (that.device.attributes.thermostatMode) {","                    case \"cool\":","                        that.platform.api.runCommand(callback, that.deviceid, \"setCoolingSetpoint\", {","                            value1: temp","                        });","                        that.device.attributes.coolingSetpoint = temp;","                        break;","                    case \"emergency heat\":","                    case \"heat\":","                        that.platform.api.runCommand(callback, that.deviceid, \"setHeatingSetpoint\", {","                            value1: temp","                        });","                        that.device.attributes.heatingSetpoint = temp;","                        break;","                    default: //This should only refer to auto","                       \t// Choose closest target as single target","                        var high = that.device.attributes.coolingSetpoint;","                        var low = that.device.attributes.heatingSetpoint;","                        var cur = that.device.attributes.temperature;","                        var isHighTemp = Math.abs(high - cur) < Math.abs(cur - low);","                        if (isHighTemp) {","                           that.platform.api.runCommand(callback, that.deviceid, \"setCoolingSetpoint\", { value1: temp });","                        } else {","                           that.platform.api.runCommand(null, that.deviceid, \"setHeatingSetpoint\", { value1: temp });","                        }","                        break;","                }","            });","\t\tthat.platform.addAttributeUsage(\"thermostatMode\", this.deviceid, thisCharacteristic);","\t\tthat.platform.addAttributeUsage(\"coolingSetpoint\", this.deviceid, thisCharacteristic);","\t\tthat.platform.addAttributeUsage(\"heatingSetpoint\", this.deviceid, thisCharacteristic);","\t\tthat.platform.addAttributeUsage(\"temperature\", this.deviceid, thisCharacteristic);","","        thisCharacteristic = this.getaddService(Service.Thermostat).getCharacteristic(Characteristic.TemperatureDisplayUnits)","        thisCharacteristic.on('get', function(callback) {","                if (platform.temperature_unit == \"C\")","                    callback(null, Characteristic.TemperatureDisplayUnits.CELSIUS);","                else","                    callback(null, Characteristic.TemperatureDisplayUnits.FAHRENHEIT);","            });","\t\t//that.platform.addAttributeUsage(\"temperature_unit\", \"platform\", thisCharacteristic);","","        thisCharacteristic = this.getaddService(Service.Thermostat).getCharacteristic(Characteristic.HeatingThresholdTemperature)","        thisCharacteristic.on('get', function(callback) {","                if (that.platform.temperature_unit == 'C')","                    callback(null, Math.round(that.device.attributes.heatingSetpoint*10)/10);","                else","                    callback(null, Math.round(((that.device.attributes.heatingSetpoint - 32) / 1.8)*10)/10);","            })","        thisCharacteristic.on('set', function(value, callback) {","                //Convert the Celsius value to the appropriate unit for Smartthings","                var temp = value;","                if (that.platform.temperature_unit == 'C')","                    temp = value;","                else","                    temp = ((value * 1.8) + 32);","                that.platform.api.runCommand(callback, that.deviceid, \"setHeatingSetpoint\", {","                    value1: temp","                });","                that.device.attributes.heatingSetpoint = temp;","            });","\t\tthat.platform.addAttributeUsage(\"heatingSetpoint\", this.deviceid, thisCharacteristic);","","        thisCharacteristic = this.getaddService(Service.Thermostat).getCharacteristic(Characteristic.CoolingThresholdTemperature)","        thisCharacteristic.on('get', function(callback) {","                if (that.platform.temperature_unit == 'C')","                    callback(null, Math.round((that.device.attributes.coolingSetpoint*10))/10);","                else","                    callback(null, Math.round(((that.device.attributes.coolingSetpoint - 32) / 1.8)*10)/10);","            });","        thisCharacteristic.on('set', function(value, callback) {","                //Convert the Celsius value to the appropriate unit for Smartthings","                var temp = value;","                if (that.platform.temperature_unit == 'C')","                    temp = value;","                else","                    temp = ((value * 1.8) + 32);","                that.platform.api.runCommand(callback, that.deviceid, \"setCoolingSetpoint\", {","                    value1: temp","                });","                that.device.attributes.coolingSetpoint = temp;"," \t\t   });","\t\tthat.platform.addAttributeUsage(\"coolingSetpoint\", this.deviceid, thisCharacteristic);","    }","    this.loadData(device, this);","}","","function loadData(data, myObject) {","    var that = this;","    if (myObject !== undefined) that = myObject;","    if (data !== undefined) {","        this.device = data;","        for (var i = 0; i < that.services.length; i++) {","            for (var j = 0; j < that.services[i].characteristics.length; j++) {","                that.services[i].characteristics[j].getValue();","            }","        }","    } else {","        this.log.debug(\"Fetching Device Data\")","        this.platform.api.getDevice(this.deviceid, function(data) {","            if (data === undefined) return;","            this.device = data;","            for (var i = 0; i < that.services.length; i++) {","                for (var j = 0; j < that.services[i].characteristics.length; j++) {","                    that.services[i].characteristics[j].getValue();","                }","            }","        });","    }","}","","","","function getServices() {","    return this.services;","}",""],"l":{"1":1,"3":1,"9":1,"10":0,"11":0,"12":0,"13":0,"14":0,"16":0,"18":0,"19":0,"20":0,"23":0,"25":1,"27":1,"29":0,"30":0,"31":0,"32":0,"33":0,"35":0,"36":0,"38":0,"39":0,"42":0,"43":0,"44":0,"47":0,"48":0,"49":0,"50":0,"53":0,"54":0,"56":0,"57":0,"59":0,"61":0,"62":0,"63":0,"64":0,"66":0,"67":0,"68":0,"70":0,"72":0,"74":0,"75":0,"76":0,"77":0,"78":0,"80":0,"81":0,"83":0,"84":0,"85":0,"86":0,"87":0,"88":0,"91":0,"92":0,"93":0,"94":0,"95":0,"96":0,"98":0,"99":0,"101":0,"102":0,"103":0,"104":0,"106":0,"107":0,"108":0,"109":0,"110":0,"112":0,"113":0,"114":0,"115":0,"120":0,"121":0,"123":0,"124":0,"125":0,"126":0,"127":0,"128":0,"129":0,"130":0,"131":0,"132":0,"133":0,"134":0,"135":0,"137":0,"139":0,"140":0,"141":0,"143":0,"144":0,"146":0,"147":0,"149":0,"150":0,"152":0,"153":0,"155":0,"156":0,"159":0,"161":0,"164":0,"165":0,"167":0,"168":0,"169":0,"171":0,"172":0,"174":0,"175":0,"177":0,"178":0,"180":0,"182":0,"183":0,"184":0,"186":0,"187":0,"189":0,"190":0,"192":0,"193":0,"195":0,"196":0,"197":0,"198":0,"199":0,"201":0,"203":0,"204":0,"205":0,"207":0,"208":0,"209":0,"211":0,"220":0,"221":0,"224":0,"225":0,"226":0,"227":0,"228":0,"229":0,"230":0,"232":0,"234":0,"237":0,"238":0,"240":0,"241":0,"242":0,"243":0,"245":0,"247":0,"250":0,"251":0,"253":0,"254":0,"255":0,"256":0,"258":0,"260":0,"263":0,"264":0,"266":0,"267":0,"268":0,"271":0,"272":0,"274":0,"275":0,"276":0,"277":0,"278":0,"279":0,"282":0,"283":0,"285":0,"286":0,"287":0,"290":0,"291":0,"292":0,"293":0,"294":0,"297":0,"298":0,"299":0,"300":0,"301":0,"302":0,"304":0,"306":0,"309":0,"310":0,"311":0,"312":0,"313":0,"314":0,"316":0,"319":0,"322":0,"323":0,"324":0,"325":0,"327":0,"328":0,"329":0,"330":0,"332":0,"335":0,"336":0,"339":0,"340":0,"341":0,"342":0,"343":0,"346":0,"347":0,"348":0,"349":0,"352":0,"353":0,"356":0,"357":0,"360":0,"361":0,"363":0,"364":0,"365":0,"368":0,"369":0,"372":0,"373":0,"376":0,"377":0,"380":0,"383":0,"384":0,"385":0,"387":0,"388":0,"391":0,"392":0,"394":0,"395":0,"397":0,"398":0,"401":0,"402":0,"404":0,"405":0,"406":0,"408":0,"409":0,"410":0,"412":0,"413":0,"414":0,"416":0,"417":0,"418":0,"421":0,"423":0,"424":0,"425":0,"426":0,"428":0,"431":0,"432":0,"433":0,"434":0,"436":0,"438":0,"440":0,"441":0,"442":0,"443":0,"445":0,"446":0,"449":0,"450":0,"453":0,"454":0,"455":0,"456":0,"457":0,"459":0,"460":0,"461":0,"462":0,"464":0,"466":0,"468":0,"469":0,"470":0,"472":0,"475":0,"477":0,"480":0,"481":0,"484":0,"487":0,"488":0,"491":0,"492":0,"493":0,"494":0,"495":0,"496":0,"498":0,"500":0,"503":0,"504":0,"505":0,"506":0,"508":0,"509":0,"510":0,"511":0,"513":0,"517":0,"518":0,"519":0,"520":0,"522":0,"524":0,"526":0,"527":0,"528":0,"530":0,"531":0,"534":0,"536":0,"538":0,"539":0,"540":0,"541":0,"543":0,"545":0,"547":0,"548":0,"549":0,"551":0,"552":0,"555":0,"557":0,"559":0,"562":1,"563":0,"564":0,"565":0,"566":0,"567":0,"568":0,"569":0,"573":0,"574":0,"575":0,"576":0,"577":0,"578":0,"579":0,"588":1,"589":0}},"/home/travis/build/npmtest/node-npmtest-homebridge-smartthings/node_modules/homebridge-smartthings/lib/customCharacteristics.js":{"path":"/home/travis/build/npmtest/node-npmtest-homebridge-smartthings/node_modules/homebridge-smartthings/lib/customCharacteristics.js","s":{"1":1,"2":1,"3":0,"4":0,"5":0,"6":0,"7":0,"8":0,"9":0,"10":0,"11":0,"12":0,"13":0,"14":1},"b":{},"f":{"1":0,"2":0,"3":0},"fnMap":{"1":{"name":"EnergyCharacteristics","line":5,"loc":{"start":{"line":5,"column":0},"end":{"line":5,"column":47}}},"2":{"name":"(anonymous_2)","line":6,"loc":{"start":{"line":6,"column":29},"end":{"line":6,"column":40}}},"3":{"name":"(anonymous_3)","line":22,"loc":{"start":{"line":22,"column":31},"end":{"line":22,"column":42}}}},"statementMap":{"1":{"start":{"line":1,"column":0},"end":{"line":1,"column":40}},"2":{"start":{"line":5,"column":0},"end":{"line":37,"column":1}},"3":{"start":{"line":6,"column":4},"end":{"line":19,"column":6}},"4":{"start":{"line":7,"column":8},"end":{"line":7,"column":106}},"5":{"start":{"line":8,"column":8},"end":{"line":15,"column":11}},"6":{"start":{"line":16,"column":8},"end":{"line":16,"column":44}},"7":{"start":{"line":20,"column":4},"end":{"line":20,"column":53}},"8":{"start":{"line":22,"column":4},"end":{"line":33,"column":6}},"9":{"start":{"line":23,"column":8},"end":{"line":23,"column":104}},"10":{"start":{"line":24,"column":8},"end":{"line":31,"column":11}},"11":{"start":{"line":32,"column":8},"end":{"line":32,"column":44}},"12":{"start":{"line":34,"column":4},"end":{"line":34,"column":55}},"13":{"start":{"line":36,"column":4},"end":{"line":36,"column":16}},"14":{"start":{"line":39,"column":0},"end":{"line":39,"column":61}}},"branchMap":{},"code":["var inherits = require('util').inherits;","","","","function EnergyCharacteristics(Characteristic) {","    this.TotalConsumption1 = function() {","        Characteristic.call(this, 'Total Consumption (kWh*1000)', 'E863F10C-079E-48FF-8F27-9C2605A29F52');","        this.setProps({","            format: Characteristic.Formats.FLOAT,","            unit: Characteristic.Units.SECONDS,","            maxValue: 4294967295,","            minValue: 0,","            minStep: 1,","            perms: [Characteristic.Perms.READ, Characteristic.Perms.NOTIFY]","        });","        this.value = this.getDefaultValue();","        ","        ","    };","    inherits(this.TotalConsumption1, Characteristic);","","    this.CurrentConsumption1 = function() {","        Characteristic.call(this, 'Current Consumption (W*10)', 'E863F10D-079E-48FF-8F27-9C2605A29F52');","        this.setProps({","            format: Characteristic.Formats.FLOAT,","            unit: Characteristic.Units.SECONDS,","            maxValue: 65535,","            minValue: 0,","            minStep: 1,","            perms: [Characteristic.Perms.READ, Characteristic.Perms.NOTIFY]","        });","        this.value = this.getDefaultValue();","    };","    inherits(this.CurrentConsumption1, Characteristic);","    ","    return this;","}","","module.exports.EnergyCharacteristics = EnergyCharacteristics;",""],"l":{"1":1,"5":1,"6":0,"7":0,"8":0,"16":0,"20":0,"22":0,"23":0,"24":0,"32":0,"34":0,"36":0,"39":1}}}